::1 - - [21/Oct/2020:16:51:11 +0000] "GET /home HTTP/1.1" 200 -
::1 - - [21/Oct/2020:16:51:11 +0000] "GET /lib/bootstrap/css/bootstrap.min.css HTTP/1.1" 500 -
::1 - - [21/Oct/2020:16:51:12 +0000] "GET /lib/aos/aos.css HTTP/1.1" 500 -
::1 - - [21/Oct/2020:16:51:12 +0000] "GET /lib/icofont/icofont.min.css HTTP/1.1" 500 -
::1 - - [21/Oct/2020:16:51:12 +0000] "GET /lib/boxicons/css/boxicons.min.css HTTP/1.1" 500 -
::1 - - [21/Oct/2020:16:51:12 +0000] "GET /lib/animate.css/animate.min.css HTTP/1.1" 500 -
::1 - - [21/Oct/2020:16:51:12 +0000] "GET /lib/owl.carousel/assets/owl.carousel.min.css HTTP/1.1" 500 -
::1 - - [21/Oct/2020:16:51:12 +0000] "GET /lib/venobox/venobox.css HTTP/1.1" 500 -
::1 - - [21/Oct/2020:16:51:12 +0000] "GET /lib/jquery/jquery.min.js HTTP/1.1" 500 -
::1 - - [21/Oct/2020:16:51:12 +0000] "GET /lib/bootstrap/js/bootstrap.bundle.min.js HTTP/1.1" 500 -
::1 - - [21/Oct/2020:16:51:12 +0000] "GET /lib/jquery.easing/jquery.easing.min.js HTTP/1.1" 500 -
::1 - - [21/Oct/2020:16:51:12 +0000] "GET /lib/owl.carousel/owl.carousel.min.js HTTP/1.1" 500 -
::1 - - [21/Oct/2020:16:51:12 +0000] "GET /lib/isotope-layout/isotope.pkgd.min.js HTTP/1.1" 500 -
::1 - - [21/Oct/2020:16:51:12 +0000] "GET /lib/venobox/venobox.min.js HTTP/1.1" 500 -
::1 - - [21/Oct/2020:16:51:12 +0000] "GET /lib/aos/aos.js HTTP/1.1" 500 -
::1 - - [21/Oct/2020:16:51:12 +0000] "GET /assets/img/about.jpg HTTP/1.1" 500 -
::1 - - [21/Oct/2020:16:51:12 +0000] "GET /assets/img/menu/lobster-bisque.jpg HTTP/1.1" 500 -
::1 - - [21/Oct/2020:16:51:12 +0000] "GET /assets/img/menu/cake.jpg HTTP/1.1" 500 -
::1 - - [21/Oct/2020:16:51:12 +0000] "GET /assets/img/menu/caesar.jpg HTTP/1.1" 500 -
::1 - - [21/Oct/2020:16:51:12 +0000] "GET /assets/img/menu/bread-barrel.jpg HTTP/1.1" 500 -
::1 - - [21/Oct/2020:16:51:12 +0000] "GET /assets/img/menu/tuscan-grilled.jpg HTTP/1.1" 500 -
::1 - - [21/Oct/2020:16:51:12 +0000] "GET /assets/img/menu/mozzarella.jpg HTTP/1.1" 500 -
::1 - - [21/Oct/2020:16:51:12 +0000] "GET /assets/img/menu/greek-salad.jpg HTTP/1.1" 500 -
::1 - - [21/Oct/2020:16:51:12 +0000] "GET /assets/img/menu/spinach-salad.jpg HTTP/1.1" 500 -
::1 - - [21/Oct/2020:16:51:12 +0000] "GET /assets/img/menu/lobster-roll.jpg HTTP/1.1" 500 -
::1 - - [21/Oct/2020:16:51:12 +0000] "GET /assets/img/specials-1.png HTTP/1.1" 500 -
::1 - - [21/Oct/2020:16:51:12 +0000] "GET /assets/img/specials-2.png HTTP/1.1" 500 -
::1 - - [21/Oct/2020:16:51:12 +0000] "GET /assets/img/specials-3.png HTTP/1.1" 500 -
::1 - - [21/Oct/2020:16:51:12 +0000] "GET /assets/img/specials-4.png HTTP/1.1" 500 -
::1 - - [21/Oct/2020:16:51:12 +0000] "GET /assets/img/specials-5.png HTTP/1.1" 500 -
::1 - - [21/Oct/2020:16:51:12 +0000] "GET /assets/img/event-birthday.jpg HTTP/1.1" 500 -
::1 - - [21/Oct/2020:16:51:12 +0000] "GET /assets/img/event-private.jpg HTTP/1.1" 500 -
::1 - - [21/Oct/2020:16:51:12 +0000] "GET /assets/img/event-custom.jpg HTTP/1.1" 500 -
::1 - - [21/Oct/2020:16:51:12 +0000] "GET /assets/img/gallery/gallery-1.jpg HTTP/1.1" 500 -
::1 - - [21/Oct/2020:16:51:12 +0000] "GET /assets/img/gallery/gallery-2.jpg HTTP/1.1" 500 -
::1 - - [21/Oct/2020:16:51:12 +0000] "GET /assets/img/gallery/gallery-3.jpg HTTP/1.1" 500 -
::1 - - [21/Oct/2020:16:51:12 +0000] "GET /assets/img/gallery/gallery-4.jpg HTTP/1.1" 500 -
::1 - - [21/Oct/2020:16:51:12 +0000] "GET /assets/img/gallery/gallery-5.jpg HTTP/1.1" 500 -
::1 - - [21/Oct/2020:16:51:12 +0000] "GET /assets/img/gallery/gallery-6.jpg HTTP/1.1" 500 -
::1 - - [21/Oct/2020:16:51:12 +0000] "GET /assets/img/gallery/gallery-7.jpg HTTP/1.1" 500 -
::1 - - [21/Oct/2020:16:51:12 +0000] "GET /assets/img/gallery/gallery-8.jpg HTTP/1.1" 500 -
::1 - - [21/Oct/2020:16:51:39 +0000] "GET /lib/venobox/venobox.css HTTP/1.1" 500 -
::1 - - [21/Oct/2020:16:51:39 +0000] "GET /lib/aos/aos.css HTTP/1.1" 500 -
::1 - - [21/Oct/2020:16:51:39 +0000] "GET /lib/bootstrap/css/bootstrap.min.css HTTP/1.1" 500 -
::1 - - [21/Oct/2020:16:51:39 +0000] "GET /lib/icofont/icofont.min.css HTTP/1.1" 500 -
::1 - - [21/Oct/2020:16:51:39 +0000] "GET /lib/boxicons/css/boxicons.min.css HTTP/1.1" 500 -
::1 - - [21/Oct/2020:16:51:39 +0000] "GET /lib/animate.css/animate.min.css HTTP/1.1" 500 -
::1 - - [21/Oct/2020:16:51:39 +0000] "GET /lib/owl.carousel/assets/owl.carousel.min.css HTTP/1.1" 500 -
::1 - - [21/Oct/2020:16:52:45 +0000] "GET /home HTTP/1.1" 200 -
::1 - - [21/Oct/2020:16:52:45 +0000] "GET /lib/bootstrap/css/bootstrap.min.css HTTP/1.1" 500 -
::1 - - [21/Oct/2020:16:52:45 +0000] "GET /lib/venobox/venobox.css HTTP/1.1" 500 -
::1 - - [21/Oct/2020:16:52:45 +0000] "GET /lib/aos/aos.css HTTP/1.1" 500 -
::1 - - [21/Oct/2020:16:52:45 +0000] "GET /lib/icofont/icofont.min.css HTTP/1.1" 500 -
::1 - - [21/Oct/2020:16:52:45 +0000] "GET /lib/boxicons/css/boxicons.min.css HTTP/1.1" 500 -
::1 - - [21/Oct/2020:16:52:45 +0000] "GET /lib/animate.css/animate.min.css HTTP/1.1" 500 -
::1 - - [21/Oct/2020:16:52:45 +0000] "GET /lib/owl.carousel/assets/owl.carousel.min.css HTTP/1.1" 500 -
::1 - - [21/Oct/2020:16:52:45 +0000] "GET /lib/jquery/jquery.min.js HTTP/1.1" 500 -
::1 - - [21/Oct/2020:16:52:45 +0000] "GET /assets/img/about.jpg HTTP/1.1" 500 -
::1 - - [21/Oct/2020:16:52:45 +0000] "GET /lib/bootstrap/js/bootstrap.bundle.min.js HTTP/1.1" 500 -
::1 - - [21/Oct/2020:16:52:45 +0000] "GET /lib/jquery.easing/jquery.easing.min.js HTTP/1.1" 500 -
::1 - - [21/Oct/2020:16:52:45 +0000] "GET /lib/owl.carousel/owl.carousel.min.js HTTP/1.1" 500 -
::1 - - [21/Oct/2020:16:52:45 +0000] "GET /lib/isotope-layout/isotope.pkgd.min.js HTTP/1.1" 500 -
::1 - - [21/Oct/2020:16:52:45 +0000] "GET /lib/venobox/venobox.min.js HTTP/1.1" 500 -
::1 - - [21/Oct/2020:16:52:45 +0000] "GET /lib/aos/aos.js HTTP/1.1" 500 -
::1 - - [21/Oct/2020:16:52:45 +0000] "GET /assets/img/menu/lobster-bisque.jpg HTTP/1.1" 500 -
::1 - - [21/Oct/2020:16:52:45 +0000] "GET /assets/img/menu/bread-barrel.jpg HTTP/1.1" 500 -
::1 - - [21/Oct/2020:16:52:45 +0000] "GET /assets/img/menu/cake.jpg HTTP/1.1" 500 -
::1 - - [21/Oct/2020:16:52:45 +0000] "GET /assets/img/menu/caesar.jpg HTTP/1.1" 500 -
::1 - - [21/Oct/2020:16:52:45 +0000] "GET /assets/img/menu/mozzarella.jpg HTTP/1.1" 500 -
::1 - - [21/Oct/2020:16:52:45 +0000] "GET /assets/img/menu/tuscan-grilled.jpg HTTP/1.1" 500 -
::1 - - [21/Oct/2020:16:52:46 +0000] "GET /assets/img/menu/greek-salad.jpg HTTP/1.1" 500 -
::1 - - [21/Oct/2020:16:52:46 +0000] "GET /assets/img/menu/spinach-salad.jpg HTTP/1.1" 500 -
::1 - - [21/Oct/2020:16:52:46 +0000] "GET /assets/img/menu/lobster-roll.jpg HTTP/1.1" 500 -
::1 - - [21/Oct/2020:16:52:46 +0000] "GET /assets/img/specials-1.png HTTP/1.1" 500 -
::1 - - [21/Oct/2020:16:52:46 +0000] "GET /assets/img/specials-2.png HTTP/1.1" 500 -
::1 - - [21/Oct/2020:16:52:46 +0000] "GET /assets/img/specials-3.png HTTP/1.1" 500 -
::1 - - [21/Oct/2020:16:52:46 +0000] "GET /assets/img/specials-4.png HTTP/1.1" 500 -
::1 - - [21/Oct/2020:16:52:46 +0000] "GET /assets/img/specials-5.png HTTP/1.1" 500 -
::1 - - [21/Oct/2020:16:52:46 +0000] "GET /assets/img/event-birthday.jpg HTTP/1.1" 500 -
::1 - - [21/Oct/2020:16:52:46 +0000] "GET /assets/img/event-private.jpg HTTP/1.1" 500 -
::1 - - [21/Oct/2020:16:52:46 +0000] "GET /assets/img/event-custom.jpg HTTP/1.1" 500 -
::1 - - [21/Oct/2020:16:52:46 +0000] "GET /assets/img/gallery/gallery-1.jpg HTTP/1.1" 500 -
::1 - - [21/Oct/2020:16:52:46 +0000] "GET /assets/img/gallery/gallery-2.jpg HTTP/1.1" 500 -
::1 - - [21/Oct/2020:16:52:46 +0000] "GET /assets/img/gallery/gallery-3.jpg HTTP/1.1" 500 -
::1 - - [21/Oct/2020:16:52:46 +0000] "GET /assets/img/gallery/gallery-4.jpg HTTP/1.1" 500 -
::1 - - [21/Oct/2020:16:52:46 +0000] "GET /assets/img/gallery/gallery-5.jpg HTTP/1.1" 500 -
::1 - - [21/Oct/2020:16:52:46 +0000] "GET /assets/img/gallery/gallery-6.jpg HTTP/1.1" 500 -
::1 - - [21/Oct/2020:16:52:46 +0000] "GET /assets/img/gallery/gallery-7.jpg HTTP/1.1" 500 -
::1 - - [21/Oct/2020:16:52:46 +0000] "GET /assets/img/gallery/gallery-8.jpg HTTP/1.1" 500 -
::1 - - [21/Oct/2020:16:53:16 +0000] "GET /home HTTP/1.1" 200 -
::1 - - [21/Oct/2020:16:53:16 +0000] "GET /lib/bootstrap/css/bootstrap.min.css HTTP/1.1" 500 -
::1 - - [21/Oct/2020:16:53:16 +0000] "GET /lib/aos/aos.css HTTP/1.1" 500 -
::1 - - [21/Oct/2020:16:53:16 +0000] "GET /lib/icofont/icofont.min.css HTTP/1.1" 500 -
::1 - - [21/Oct/2020:16:53:16 +0000] "GET /lib/boxicons/css/boxicons.min.css HTTP/1.1" 500 -
::1 - - [21/Oct/2020:16:53:16 +0000] "GET /lib/animate.css/animate.min.css HTTP/1.1" 500 -
::1 - - [21/Oct/2020:16:53:16 +0000] "GET /lib/owl.carousel/assets/owl.carousel.min.css HTTP/1.1" 500 -
::1 - - [21/Oct/2020:16:53:16 +0000] "GET /lib/venobox/venobox.css HTTP/1.1" 500 -
::1 - - [21/Oct/2020:16:53:16 +0000] "GET /lib/jquery/jquery.min.js HTTP/1.1" 500 -
::1 - - [21/Oct/2020:16:53:16 +0000] "GET /lib/bootstrap/js/bootstrap.bundle.min.js HTTP/1.1" 500 -
::1 - - [21/Oct/2020:16:53:16 +0000] "GET /lib/jquery.easing/jquery.easing.min.js HTTP/1.1" 500 -
::1 - - [21/Oct/2020:16:53:16 +0000] "GET /lib/isotope-layout/isotope.pkgd.min.js HTTP/1.1" 500 -
::1 - - [21/Oct/2020:16:53:16 +0000] "GET /lib/owl.carousel/owl.carousel.min.js HTTP/1.1" 500 -
::1 - - [21/Oct/2020:16:53:16 +0000] "GET /lib/venobox/venobox.min.js HTTP/1.1" 500 -
::1 - - [21/Oct/2020:16:53:16 +0000] "GET /lib/aos/aos.js HTTP/1.1" 500 -
::1 - - [21/Oct/2020:16:53:16 +0000] "GET /assets/img/about.jpg HTTP/1.1" 500 -
::1 - - [21/Oct/2020:16:53:16 +0000] "GET /assets/img/menu/lobster-bisque.jpg HTTP/1.1" 500 -
::1 - - [21/Oct/2020:16:53:16 +0000] "GET /lib/isotope-layout/isotope.pkgd.min.js HTTP/1.1" 500 -
::1 - - [21/Oct/2020:16:53:16 +0000] "GET /assets/img/menu/bread-barrel.jpg HTTP/1.1" 500 -
::1 - - [21/Oct/2020:16:53:16 +0000] "GET /assets/img/menu/cake.jpg HTTP/1.1" 500 -
::1 - - [21/Oct/2020:16:53:17 +0000] "GET /assets/img/menu/caesar.jpg HTTP/1.1" 500 -
::1 - - [21/Oct/2020:16:53:17 +0000] "GET /assets/img/menu/tuscan-grilled.jpg HTTP/1.1" 500 -
::1 - - [21/Oct/2020:16:53:17 +0000] "GET /assets/img/menu/mozzarella.jpg HTTP/1.1" 500 -
::1 - - [21/Oct/2020:16:53:17 +0000] "GET /assets/img/menu/greek-salad.jpg HTTP/1.1" 500 -
::1 - - [21/Oct/2020:16:53:17 +0000] "GET /lib/venobox/venobox.min.js HTTP/1.1" 500 -
::1 - - [21/Oct/2020:16:53:17 +0000] "GET /assets/img/menu/spinach-salad.jpg HTTP/1.1" 500 -
::1 - - [21/Oct/2020:16:53:17 +0000] "GET /assets/img/menu/lobster-roll.jpg HTTP/1.1" 500 -
::1 - - [21/Oct/2020:16:53:17 +0000] "GET /assets/img/specials-1.png HTTP/1.1" 500 -
::1 - - [21/Oct/2020:16:53:17 +0000] "GET /assets/img/specials-2.png HTTP/1.1" 500 -
::1 - - [21/Oct/2020:16:53:17 +0000] "GET /assets/img/specials-3.png HTTP/1.1" 500 -
::1 - - [21/Oct/2020:16:53:17 +0000] "GET /lib/aos/aos.js HTTP/1.1" 500 -
::1 - - [21/Oct/2020:16:53:17 +0000] "GET /assets/img/specials-4.png HTTP/1.1" 500 -
::1 - - [21/Oct/2020:16:53:17 +0000] "GET /assets/img/specials-5.png HTTP/1.1" 500 -
::1 - - [21/Oct/2020:16:53:17 +0000] "GET /assets/img/event-birthday.jpg HTTP/1.1" 500 -
::1 - - [21/Oct/2020:16:53:17 +0000] "GET /assets/img/event-private.jpg HTTP/1.1" 500 -
::1 - - [21/Oct/2020:16:53:17 +0000] "GET /assets/img/event-custom.jpg HTTP/1.1" 500 -
::1 - - [21/Oct/2020:16:53:17 +0000] "GET /assets/img/gallery/gallery-1.jpg HTTP/1.1" 500 -
::1 - - [21/Oct/2020:16:53:17 +0000] "GET /assets/img/gallery/gallery-2.jpg HTTP/1.1" 500 -
::1 - - [21/Oct/2020:16:53:17 +0000] "GET /assets/img/gallery/gallery-3.jpg HTTP/1.1" 500 -
::1 - - [21/Oct/2020:16:53:17 +0000] "GET /assets/img/gallery/gallery-4.jpg HTTP/1.1" 500 -
::1 - - [21/Oct/2020:16:53:17 +0000] "GET /assets/img/gallery/gallery-5.jpg HTTP/1.1" 500 -
::1 - - [21/Oct/2020:16:53:17 +0000] "GET /assets/img/gallery/gallery-6.jpg HTTP/1.1" 500 -
::1 - - [21/Oct/2020:16:53:17 +0000] "GET /assets/img/gallery/gallery-7.jpg HTTP/1.1" 500 -
::1 - - [21/Oct/2020:16:53:17 +0000] "GET /assets/img/gallery/gallery-8.jpg HTTP/1.1" 500 -
::1 - - [21/Oct/2020:16:54:34 +0000] "GET /home HTTP/1.1" 200 -
::1 - - [21/Oct/2020:16:54:34 +0000] "GET /lib/bootstrap/css/bootstrap.min.css HTTP/1.1" 500 -
::1 - - [21/Oct/2020:16:54:34 +0000] "GET /lib/icofont/icofont.min.css HTTP/1.1" 500 -
::1 - - [21/Oct/2020:16:54:34 +0000] "GET /lib/aos/aos.css HTTP/1.1" 500 -
::1 - - [21/Oct/2020:16:54:34 +0000] "GET /lib/boxicons/css/boxicons.min.css HTTP/1.1" 500 -
::1 - - [21/Oct/2020:16:54:34 +0000] "GET /lib/animate.css/animate.min.css HTTP/1.1" 500 -
::1 - - [21/Oct/2020:16:54:34 +0000] "GET /lib/owl.carousel/assets/owl.carousel.min.css HTTP/1.1" 500 -
::1 - - [21/Oct/2020:16:54:34 +0000] "GET /lib/venobox/venobox.css HTTP/1.1" 500 -
::1 - - [21/Oct/2020:16:54:35 +0000] "GET /lib/jquery/jquery.min.js HTTP/1.1" 500 -
::1 - - [21/Oct/2020:16:54:35 +0000] "GET /lib/bootstrap/js/bootstrap.bundle.min.js HTTP/1.1" 500 -
::1 - - [21/Oct/2020:16:54:35 +0000] "GET /lib/jquery.easing/jquery.easing.min.js HTTP/1.1" 500 -
::1 - - [21/Oct/2020:16:54:35 +0000] "GET /lib/owl.carousel/owl.carousel.min.js HTTP/1.1" 500 -
::1 - - [21/Oct/2020:16:54:35 +0000] "GET /lib/isotope-layout/isotope.pkgd.min.js HTTP/1.1" 500 -
::1 - - [21/Oct/2020:16:54:35 +0000] "GET /lib/venobox/venobox.min.js HTTP/1.1" 500 -
::1 - - [21/Oct/2020:16:54:35 +0000] "GET /lib/aos/aos.js HTTP/1.1" 500 -
::1 - - [21/Oct/2020:16:54:35 +0000] "GET /assets/img/about.jpg HTTP/1.1" 500 -
::1 - - [21/Oct/2020:16:54:35 +0000] "GET /assets/img/menu/lobster-bisque.jpg HTTP/1.1" 500 -
::1 - - [21/Oct/2020:16:54:35 +0000] "GET /assets/img/menu/bread-barrel.jpg HTTP/1.1" 500 -
::1 - - [21/Oct/2020:16:54:35 +0000] "GET /assets/img/menu/cake.jpg HTTP/1.1" 500 -
::1 - - [21/Oct/2020:16:54:35 +0000] "GET /assets/img/menu/caesar.jpg HTTP/1.1" 500 -
::1 - - [21/Oct/2020:16:54:35 +0000] "GET /assets/img/menu/tuscan-grilled.jpg HTTP/1.1" 500 -
::1 - - [21/Oct/2020:16:54:35 +0000] "GET /assets/img/menu/mozzarella.jpg HTTP/1.1" 500 -
::1 - - [21/Oct/2020:16:54:35 +0000] "GET /assets/img/menu/greek-salad.jpg HTTP/1.1" 500 -
::1 - - [21/Oct/2020:16:54:35 +0000] "GET /assets/img/menu/lobster-roll.jpg HTTP/1.1" 500 -
::1 - - [21/Oct/2020:16:54:35 +0000] "GET /assets/img/specials-1.png HTTP/1.1" 500 -
::1 - - [21/Oct/2020:16:54:35 +0000] "GET /assets/img/menu/spinach-salad.jpg HTTP/1.1" 500 -
::1 - - [21/Oct/2020:16:54:35 +0000] "GET /assets/img/specials-2.png HTTP/1.1" 500 -
::1 - - [21/Oct/2020:16:54:35 +0000] "GET /assets/img/specials-3.png HTTP/1.1" 500 -
::1 - - [21/Oct/2020:16:54:35 +0000] "GET /assets/img/specials-4.png HTTP/1.1" 500 -
::1 - - [21/Oct/2020:16:54:35 +0000] "GET /assets/img/specials-5.png HTTP/1.1" 500 -
::1 - - [21/Oct/2020:16:54:35 +0000] "GET /assets/img/event-birthday.jpg HTTP/1.1" 500 -
::1 - - [21/Oct/2020:16:54:35 +0000] "GET /assets/img/event-private.jpg HTTP/1.1" 500 -
::1 - - [21/Oct/2020:16:54:35 +0000] "GET /assets/img/event-custom.jpg HTTP/1.1" 500 -
::1 - - [21/Oct/2020:16:54:35 +0000] "GET /assets/img/gallery/gallery-1.jpg HTTP/1.1" 500 -
::1 - - [21/Oct/2020:16:54:35 +0000] "GET /assets/img/gallery/gallery-2.jpg HTTP/1.1" 500 -
::1 - - [21/Oct/2020:16:54:36 +0000] "GET /assets/img/gallery/gallery-3.jpg HTTP/1.1" 500 -
::1 - - [21/Oct/2020:16:54:36 +0000] "GET /assets/img/gallery/gallery-4.jpg HTTP/1.1" 500 -
::1 - - [21/Oct/2020:16:54:36 +0000] "GET /assets/img/gallery/gallery-5.jpg HTTP/1.1" 500 -
::1 - - [21/Oct/2020:16:54:36 +0000] "GET /assets/img/gallery/gallery-6.jpg HTTP/1.1" 500 -
::1 - - [21/Oct/2020:16:54:36 +0000] "GET /assets/img/gallery/gallery-7.jpg HTTP/1.1" 500 -
::1 - - [21/Oct/2020:16:54:36 +0000] "GET /assets/img/gallery/gallery-8.jpg HTTP/1.1" 500 -
::1 - - [21/Oct/2020:16:55:47 +0000] "GET /home HTTP/1.1" 200 -
::1 - - [21/Oct/2020:16:55:47 +0000] "GET /lib/bootstrap/css/bootstrap.min.css HTTP/1.1" 500 -
::1 - - [21/Oct/2020:16:55:47 +0000] "GET /lib/aos/aos.css HTTP/1.1" 500 -
::1 - - [21/Oct/2020:16:55:47 +0000] "GET /lib/icofont/icofont.min.css HTTP/1.1" 500 -
::1 - - [21/Oct/2020:16:55:47 +0000] "GET /lib/boxicons/css/boxicons.min.css HTTP/1.1" 500 -
::1 - - [21/Oct/2020:16:55:47 +0000] "GET /lib/animate.css/animate.min.css HTTP/1.1" 500 -
::1 - - [21/Oct/2020:16:55:47 +0000] "GET /lib/owl.carousel/assets/owl.carousel.min.css HTTP/1.1" 500 -
::1 - - [21/Oct/2020:16:55:47 +0000] "GET /lib/venobox/venobox.css HTTP/1.1" 500 -
::1 - - [21/Oct/2020:16:55:47 +0000] "GET /lib/jquery/jquery.min.js HTTP/1.1" 500 -
::1 - - [21/Oct/2020:16:55:47 +0000] "GET /assets/img/about.jpg HTTP/1.1" 500 -
::1 - - [21/Oct/2020:16:55:47 +0000] "GET /lib/bootstrap/js/bootstrap.bundle.min.js HTTP/1.1" 500 -
::1 - - [21/Oct/2020:16:55:47 +0000] "GET /lib/jquery.easing/jquery.easing.min.js HTTP/1.1" 500 -
::1 - - [21/Oct/2020:16:55:47 +0000] "GET /lib/owl.carousel/owl.carousel.min.js HTTP/1.1" 500 -
::1 - - [21/Oct/2020:16:55:47 +0000] "GET /lib/isotope-layout/isotope.pkgd.min.js HTTP/1.1" 500 -
::1 - - [21/Oct/2020:16:55:47 +0000] "GET /lib/venobox/venobox.min.js HTTP/1.1" 500 -
::1 - - [21/Oct/2020:16:55:47 +0000] "GET /lib/aos/aos.js HTTP/1.1" 500 -
::1 - - [21/Oct/2020:16:55:47 +0000] "GET /assets/img/menu/lobster-bisque.jpg HTTP/1.1" 500 -
::1 - - [21/Oct/2020:16:55:47 +0000] "GET /assets/img/menu/bread-barrel.jpg HTTP/1.1" 500 -
::1 - - [21/Oct/2020:16:55:47 +0000] "GET /assets/img/menu/cake.jpg HTTP/1.1" 500 -
::1 - - [21/Oct/2020:16:55:47 +0000] "GET /assets/img/menu/caesar.jpg HTTP/1.1" 500 -
::1 - - [21/Oct/2020:16:55:47 +0000] "GET /assets/img/menu/tuscan-grilled.jpg HTTP/1.1" 500 -
::1 - - [21/Oct/2020:16:55:47 +0000] "GET /assets/img/menu/mozzarella.jpg HTTP/1.1" 500 -
::1 - - [21/Oct/2020:16:55:47 +0000] "GET /assets/img/menu/greek-salad.jpg HTTP/1.1" 500 -
::1 - - [21/Oct/2020:16:55:47 +0000] "GET /assets/img/menu/spinach-salad.jpg HTTP/1.1" 500 -
::1 - - [21/Oct/2020:16:55:47 +0000] "GET /assets/img/menu/lobster-roll.jpg HTTP/1.1" 500 -
::1 - - [21/Oct/2020:16:55:47 +0000] "GET /assets/img/specials-1.png HTTP/1.1" 500 -
::1 - - [21/Oct/2020:16:55:47 +0000] "GET /assets/img/specials-2.png HTTP/1.1" 500 -
::1 - - [21/Oct/2020:16:55:47 +0000] "GET /assets/img/specials-3.png HTTP/1.1" 500 -
::1 - - [21/Oct/2020:16:55:47 +0000] "GET /assets/img/specials-4.png HTTP/1.1" 500 -
::1 - - [21/Oct/2020:16:55:47 +0000] "GET /assets/img/specials-5.png HTTP/1.1" 500 -
::1 - - [21/Oct/2020:16:55:47 +0000] "GET /assets/img/event-birthday.jpg HTTP/1.1" 500 -
::1 - - [21/Oct/2020:16:55:47 +0000] "GET /assets/img/event-private.jpg HTTP/1.1" 500 -
::1 - - [21/Oct/2020:16:55:47 +0000] "GET /assets/img/event-custom.jpg HTTP/1.1" 500 -
::1 - - [21/Oct/2020:16:55:48 +0000] "GET /assets/img/gallery/gallery-1.jpg HTTP/1.1" 500 -
::1 - - [21/Oct/2020:16:55:48 +0000] "GET /assets/img/gallery/gallery-2.jpg HTTP/1.1" 500 -
::1 - - [21/Oct/2020:16:55:48 +0000] "GET /assets/img/gallery/gallery-3.jpg HTTP/1.1" 500 -
::1 - - [21/Oct/2020:16:55:48 +0000] "GET /assets/img/gallery/gallery-4.jpg HTTP/1.1" 500 -
::1 - - [21/Oct/2020:16:55:48 +0000] "GET /assets/img/gallery/gallery-5.jpg HTTP/1.1" 500 -
::1 - - [21/Oct/2020:16:55:48 +0000] "GET /assets/img/gallery/gallery-6.jpg HTTP/1.1" 500 -
::1 - - [21/Oct/2020:16:55:48 +0000] "GET /assets/img/gallery/gallery-7.jpg HTTP/1.1" 500 -
::1 - - [21/Oct/2020:16:55:48 +0000] "GET /assets/img/gallery/gallery-8.jpg HTTP/1.1" 500 -
::1 - - [21/Oct/2020:16:56:54 +0000] "GET /home HTTP/1.1" 200 -
::1 - - [21/Oct/2020:16:56:55 +0000] "GET /assets/img/about.jpg HTTP/1.1" 500 -
::1 - - [21/Oct/2020:16:56:55 +0000] "GET /assets/img/menu/lobster-bisque.jpg HTTP/1.1" 500 -
::1 - - [21/Oct/2020:16:56:55 +0000] "GET /assets/img/menu/bread-barrel.jpg HTTP/1.1" 500 -
::1 - - [21/Oct/2020:16:56:55 +0000] "GET /assets/img/menu/cake.jpg HTTP/1.1" 500 -
::1 - - [21/Oct/2020:16:56:55 +0000] "GET /assets/img/menu/caesar.jpg HTTP/1.1" 500 -
::1 - - [21/Oct/2020:16:56:55 +0000] "GET /assets/img/menu/tuscan-grilled.jpg HTTP/1.1" 500 -
::1 - - [21/Oct/2020:16:56:55 +0000] "GET /assets/img/menu/mozzarella.jpg HTTP/1.1" 500 -
::1 - - [21/Oct/2020:16:56:55 +0000] "GET /assets/img/menu/greek-salad.jpg HTTP/1.1" 500 -
::1 - - [21/Oct/2020:16:56:55 +0000] "GET /assets/img/menu/spinach-salad.jpg HTTP/1.1" 500 -
::1 - - [21/Oct/2020:16:56:55 +0000] "GET /assets/img/menu/lobster-roll.jpg HTTP/1.1" 500 -
::1 - - [21/Oct/2020:16:56:55 +0000] "GET /assets/img/specials-1.png HTTP/1.1" 500 -
::1 - - [21/Oct/2020:16:56:55 +0000] "GET /assets/img/specials-2.png HTTP/1.1" 500 -
::1 - - [21/Oct/2020:16:56:55 +0000] "GET /assets/img/specials-3.png HTTP/1.1" 500 -
::1 - - [21/Oct/2020:16:56:55 +0000] "GET /assets/img/specials-4.png HTTP/1.1" 500 -
::1 - - [21/Oct/2020:16:56:55 +0000] "GET /assets/img/specials-5.png HTTP/1.1" 500 -
::1 - - [21/Oct/2020:16:56:55 +0000] "GET /assets/img/event-birthday.jpg HTTP/1.1" 500 -
::1 - - [21/Oct/2020:16:56:55 +0000] "GET /assets/img/event-private.jpg HTTP/1.1" 500 -
::1 - - [21/Oct/2020:16:56:55 +0000] "GET /assets/img/event-custom.jpg HTTP/1.1" 500 -
::1 - - [21/Oct/2020:16:56:55 +0000] "GET /assets/img/gallery/gallery-1.jpg HTTP/1.1" 500 -
::1 - - [21/Oct/2020:16:56:55 +0000] "GET /assets/img/gallery/gallery-2.jpg HTTP/1.1" 500 -
::1 - - [21/Oct/2020:16:56:55 +0000] "GET /assets/img/gallery/gallery-3.jpg HTTP/1.1" 500 -
::1 - - [21/Oct/2020:16:56:55 +0000] "GET /assets/img/gallery/gallery-4.jpg HTTP/1.1" 500 -
::1 - - [21/Oct/2020:16:56:55 +0000] "GET /assets/img/gallery/gallery-5.jpg HTTP/1.1" 500 -
::1 - - [21/Oct/2020:16:56:55 +0000] "GET /assets/img/gallery/gallery-6.jpg HTTP/1.1" 500 -
::1 - - [21/Oct/2020:16:56:55 +0000] "GET /assets/img/gallery/gallery-7.jpg HTTP/1.1" 500 -
::1 - - [21/Oct/2020:16:56:55 +0000] "GET /assets/img/gallery/gallery-8.jpg HTTP/1.1" 500 -
::1 - - [21/Oct/2020:16:58:01 +0000] "GET /home HTTP/1.1" 200 -
::1 - - [21/Oct/2020:16:58:05 +0000] "GET /home HTTP/1.1" 200 -
::1 - - [21/Oct/2020:16:58:59 +0000] "GET /home HTTP/1.1" 500 -
::1 - - [21/Oct/2020:16:59:19 +0000] "GET /home HTTP/1.1" 500 -
::1 - - [21/Oct/2020:16:59:35 +0000] "GET /home HTTP/1.1" 200 -
::1 - - [21/Oct/2020:17:00:52 +0000] "GET /home HTTP/1.1" 200 -
::1 - - [21/Oct/2020:17:01:39 +0000] "GET /home HTTP/1.1" 200 -
::1 - - [21/Oct/2020:17:01:42 +0000] "GET /home HTTP/1.1" 200 -
::1 - - [21/Oct/2020:17:02:36 +0000] "GET /home HTTP/1.1" 200 -
::1 - - [21/Oct/2020:17:02:38 +0000] "GET /home HTTP/1.1" 200 -
::1 - - [21/Oct/2020:17:02:40 +0000] "GET /home HTTP/1.1" 200 -
::1 - - [21/Oct/2020:17:02:50 +0000] "GET /home HTTP/1.1" 200 -
::1 - - [21/Oct/2020:17:02:59 +0000] "GET /home HTTP/1.1" 200 -
::1 - - [21/Oct/2020:17:03:13 +0000] "GET /home HTTP/1.1" 200 -
::1 - - [21/Oct/2020:17:03:35 +0000] "GET /favicon.ico HTTP/1.1" 500 -
::1 - - [21/Oct/2020:17:03:43 +0000] "GET /home HTTP/1.1" 200 -
::1 - - [21/Oct/2020:17:06:28 +0000] "GET /home HTTP/1.1" 200 -
::1 - - [21/Oct/2020:17:06:44 +0000] "GET /home HTTP/1.1" 200 -
::1 - - [21/Oct/2020:17:10:02 +0000] "GET /home HTTP/1.1" 200 -
::1 - - [21/Oct/2020:17:10:03 +0000] "GET /favicon.ico HTTP/1.1" 404 -
::1 - - [21/Oct/2020:17:10:11 +0000] "GET /home HTTP/1.1" 200 -
::1 - - [21/Oct/2020:17:10:20 +0000] "GET /home HTTP/1.1" 200 -
::1 - - [21/Oct/2020:17:10:28 +0000] "GET /home HTTP/1.1" 200 -
::1 - - [21/Oct/2020:17:13:22 +0000] "GET /home HTTP/1.1" 200 -
::1 - - [21/Oct/2020:17:13:32 +0000] "GET /home HTTP/1.1" 404 -
::1 - - [21/Oct/2020:17:13:53 +0000] "GET /home HTTP/1.1" 404 -
::1 - - [21/Oct/2020:17:14:21 +0000] "GET /home HTTP/1.1" 404 -
::1 - - [21/Oct/2020:17:17:23 +0000] "GET /home HTTP/1.1" 404 -
::1 - - [21/Oct/2020:17:18:14 +0000] "GET /home HTTP/1.1" 404 -
::1 - - [21/Oct/2020:17:18:23 +0000] "GET /home HTTP/1.1" 404 -
::1 - - [21/Oct/2020:17:18:32 +0000] "GET /home HTTP/1.1" 200 -
::1 - - [21/Oct/2020:17:19:49 +0000] "GET /home HTTP/1.1" 200 -
::1 - - [21/Oct/2020:17:19:57 +0000] "GET /home HTTP/1.1" 200 -
::1 - - [21/Oct/2020:17:20:00 +0000] "GET /home HTTP/1.1" 200 -
::1 - - [21/Oct/2020:17:20:02 +0000] "GET /home HTTP/1.1" 200 -
::1 - - [21/Oct/2020:17:20:17 +0000] "GET /home HTTP/1.1" 200 -
::1 - - [21/Oct/2020:17:20:18 +0000] "GET /home HTTP/1.1" 200 -
::1 - - [21/Oct/2020:17:20:20 +0000] "GET /home HTTP/1.1" 200 -
::1 - - [21/Oct/2020:17:20:21 +0000] "GET /home HTTP/1.1" 200 -
::1 - - [21/Oct/2020:17:20:22 +0000] "GET /home HTTP/1.1" 200 -
::1 - - [21/Oct/2020:17:21:48 +0000] "GET /home HTTP/1.1" 200 -
::1 - - [21/Oct/2020:17:22:07 +0000] "GET /home HTTP/1.1" 200 -
::1 - - [21/Oct/2020:17:22:45 +0000] "GET /home2 HTTP/1.1" 404 -
::1 - - [21/Oct/2020:17:22:55 +0000] "GET /home HTTP/1.1" 200 -
::1 - - [21/Oct/2020:17:23:00 +0000] "GET / HTTP/1.1" 302 58
::1 - - [21/Oct/2020:17:23:00 +0000] "GET /home HTTP/1.1" 200 -
::1 - - [21/Oct/2020:17:23:58 +0000] "GET /home HTTP/1.1" 200 -
::1 - - [21/Oct/2020:17:30:58 +0000] "GET /home HTTP/1.1" 200 -
::1 - - [21/Oct/2020:17:32:49 +0000] "GET /home HTTP/1.1" 200 -
::1 - - [21/Oct/2020:17:34:36 +0000] "GET /home HTTP/1.1" 200 -
::1 - - [21/Oct/2020:17:49:10 +0000] "GET /home HTTP/1.1" 200 -
::1 - - [21/Oct/2020:17:50:13 +0000] "POST /booking HTTP/1.1" 404 -
::1 - - [21/Oct/2020:17:50:32 +0000] "POST /booking HTTP/1.1" 404 -
::1 - - [21/Oct/2020:17:50:32 +0000] "GET /bootstrap.bundle.min.js.map HTTP/1.1" 404 -
::1 - - [21/Oct/2020:17:50:55 +0000] "GET /home HTTP/1.1" 200 -
::1 - - [21/Oct/2020:17:51:19 +0000] "POST /booking HTTP/1.1" 404 -
::1 - - [21/Oct/2020:17:51:20 +0000] "GET /bootstrap.bundle.min.js.map HTTP/1.1" 404 -
::1 - - [21/Oct/2020:17:51:32 +0000] "GET /bootstrap.bundle.min.js.map HTTP/1.1" 404 -
::1 - - [21/Oct/2020:17:54:10 +0000] "GET /home HTTP/1.1" 200 -
::1 - - [21/Oct/2020:17:54:31 +0000] "POST /booking HTTP/1.1" 404 -
::1 - - [21/Oct/2020:17:54:31 +0000] "GET /bootstrap.bundle.min.js.map HTTP/1.1" 404 -
::1 - - [21/Oct/2020:17:54:53 +0000] "GET /home HTTP/1.1" 200 -
::1 - - [21/Oct/2020:17:57:04 +0000] "GET /home HTTP/1.1" 200 -
::1 - - [21/Oct/2020:17:57:40 +0000] "GET /home HTTP/1.1" 200 -
::1 - - [22/Oct/2020:15:35:48 +0000] "GET /home HTTP/1.1" 200 -
::1 - - [22/Oct/2020:15:54:33 +0000] "GET /home HTTP/1.1" 200 -
::1 - - [22/Oct/2020:15:54:39 +0000] "GET /home HTTP/1.1" 200 -
::1 - - [22/Oct/2020:15:56:30 +0000] "GET /home HTTP/1.1" 200 -
::1 - - [22/Oct/2020:16:00:27 +0000] "GET /home HTTP/1.1" 200 -
::1 - - [22/Oct/2020:16:08:04 +0000] "GET /home HTTP/1.1" 200 -
::1 - - [22/Oct/2020:16:08:41 +0000] "GET /home HTTP/1.1" 200 -
::1 - - [22/Oct/2020:16:18:16 +0000] "GET /home HTTP/1.1" 200 -
::1 - - [22/Oct/2020:16:29:46 +0000] "GET /home HTTP/1.1" 200 -
::1 - - [22/Oct/2020:16:29:58 +0000] "GET /home HTTP/1.1" 200 -
::1 - - [22/Oct/2020:16:42:24 +0000] "POST /booking HTTP/1.1" 404 -
::1 - - [22/Oct/2020:16:45:10 +0000] "POST /booking HTTP/1.1" 404 -
::1 - - [22/Oct/2020:16:45:15 +0000] "POST /formsbooking HTTP/1.1" 404 -
::1 - - [22/Oct/2020:16:45:18 +0000] "POST /forms/booking HTTP/1.1" 404 -
::1 - - [22/Oct/2020:16:48:25 +0000] "GET /home HTTP/1.1" 200 -
::1 - - [22/Oct/2020:16:48:38 +0000] "POST /booking HTTP/1.1" 404 -
::1 - - [22/Oct/2020:16:53:03 +0000] "POST /booking HTTP/1.1" 404 -
::1 - - [22/Oct/2020:16:53:08 +0000] "GET /home HTTP/1.1" 200 -
::1 - - [22/Oct/2020:16:53:19 +0000] "POST /booking HTTP/1.1" 404 -
::1 - - [22/Oct/2020:16:57:07 +0000] "GET /home HTTP/1.1" 200 -
::1 - - [22/Oct/2020:16:58:11 +0000] "GET /home HTTP/1.1" 200 -
::1 - - [22/Oct/2020:16:58:34 +0000] "POST /booking HTTP/1.1" 404 -
::1 - - [22/Oct/2020:16:59:16 +0000] "GET /home HTTP/1.1" 200 -
::1 - - [22/Oct/2020:17:01:44 +0000] "GET /home HTTP/1.1" 200 -
::1 - - [22/Oct/2020:17:01:49 +0000] "GET /booking HTTP/1.1" 404 -
::1 - - [22/Oct/2020:17:02:18 +0000] "GET /booking HTTP/1.1" 200 4
::1 - - [22/Oct/2020:17:02:27 +0000] "GET /booking HTTP/1.1" 200 4
::1 - - [22/Oct/2020:17:02:47 +0000] "POST /booking HTTP/1.1" 404 -
::1 - - [22/Oct/2020:17:26:50 +0000] "GET /home HTTP/1.1" 200 -
::1 - - [22/Oct/2020:17:27:01 +0000] "POST /booking HTTP/1.1" 404 -
::1 - - [22/Oct/2020:17:27:48 +0000] "POST /booking HTTP/1.1" 404 -
::1 - - [22/Oct/2020:17:27:52 +0000] "GET /home HTTP/1.1" 200 -
::1 - - [22/Oct/2020:17:28:45 +0000] "POST /booking HTTP/1.1" 404 -
::1 - - [22/Oct/2020:17:29:18 +0000] "GET /home HTTP/1.1" 200 -
::1 - - [22/Oct/2020:17:30:03 +0000] "POST /booking HTTP/1.1" 404 -
::1 - - [22/Oct/2020:17:32:41 +0000] "POST /booking HTTP/1.1" 404 -
::1 - - [22/Oct/2020:17:32:44 +0000] "GET /home HTTP/1.1" 200 -
::1 - - [22/Oct/2020:17:32:58 +0000] "POST /booking HTTP/1.1" 404 -
::1 - - [22/Oct/2020:17:35:03 +0000] "GET /home HTTP/1.1" 200 -
::1 - - [22/Oct/2020:17:35:22 +0000] "POST /booking HTTP/1.1" 200 4
::1 - - [22/Oct/2020:17:35:22 +0000] "GET /favicon.ico HTTP/1.1" 404 -
::1 - - [22/Oct/2020:17:35:24 +0000] "GET /home HTTP/1.1" 200 -
::1 - - [22/Oct/2020:17:36:35 +0000] "GET /home HTTP/1.1" 200 -
::1 - - [22/Oct/2020:17:38:35 +0000] "GET /home HTTP/1.1" 200 -
::1 - - [22/Oct/2020:17:39:04 +0000] "POST /booking HTTP/1.1" 404 -
::1 - - [22/Oct/2020:17:39:05 +0000] "GET /bootstrap.bundle.min.js.map HTTP/1.1" 404 -
::1 - - [22/Oct/2020:17:39:40 +0000] "POST /booking HTTP/1.1" 404 -
::1 - - [22/Oct/2020:17:39:41 +0000] "GET /home HTTP/1.1" 200 -
::1 - - [22/Oct/2020:17:41:20 +0000] "POST /booking HTTP/1.1" 404 -
::1 - - [22/Oct/2020:17:41:20 +0000] "GET /bootstrap.bundle.min.js.map HTTP/1.1" 404 -
::1 - - [22/Oct/2020:17:43:29 +0000] "GET /home HTTP/1.1" 200 -
::1 - - [22/Oct/2020:17:46:34 +0000] "POST /booking HTTP/1.1" 200 4
::1 - - [22/Oct/2020:17:47:04 +0000] "GET /home HTTP/1.1" 200 -
::1 - - [22/Oct/2020:17:47:29 +0000] "GET /home HTTP/1.1" 200 -
::1 - - [23/Oct/2020:01:17:36 +0000] "GET /home HTTP/1.1" 200 -
::1 - - [23/Oct/2020:01:21:35 +0000] "GET /home HTTP/1.1" 200 -
::1 - - [23/Oct/2020:01:22:06 +0000] "GET /home HTTP/1.1" 200 -
::1 - - [23/Oct/2020:01:23:06 +0000] "POST /booking HTTP/1.1" 404 -
::1 - - [23/Oct/2020:01:23:06 +0000] "GET /bootstrap.bundle.min.js.map HTTP/1.1" 404 -
::1 - - [23/Oct/2020:01:23:20 +0000] "GET /home HTTP/1.1" 200 -
::1 - - [23/Oct/2020:01:24:07 +0000] "POST /booking HTTP/1.1" 404 -
::1 - - [23/Oct/2020:01:24:07 +0000] "GET /bootstrap.bundle.min.js.map HTTP/1.1" 404 -
::1 - - [23/Oct/2020:01:25:15 +0000] "GET /home HTTP/1.1" 200 -
::1 - - [23/Oct/2020:01:25:19 +0000] "GET /home HTTP/1.1" 200 -
::1 - - [23/Oct/2020:01:25:27 +0000] "POST /booking HTTP/1.1" 404 -
::1 - - [23/Oct/2020:01:25:27 +0000] "GET /bootstrap.bundle.min.js.map HTTP/1.1" 404 -
::1 - - [23/Oct/2020:01:29:32 +0000] "GET /home HTTP/1.1" 200 -
::1 - - [23/Oct/2020:01:29:52 +0000] "GET /home HTTP/1.1" 200 -
::1 - - [23/Oct/2020:01:29:59 +0000] "POST /booking HTTP/1.1" 404 -
::1 - - [23/Oct/2020:01:30:00 +0000] "GET /bootstrap.bundle.min.js.map HTTP/1.1" 404 -
::1 - - [23/Oct/2020:01:35:38 +0000] "GET /home HTTP/1.1" 200 -
::1 - - [23/Oct/2020:01:36:00 +0000] "POST /booking HTTP/1.1" 200 4
::1 - - [23/Oct/2020:01:36:51 +0000] "GET /home HTTP/1.1" 200 -
::1 - - [23/Oct/2020:01:37:19 +0000] "POST /booking HTTP/1.1" 200 4
::1 - - [23/Oct/2020:01:41:24 +0000] "GET /home HTTP/1.1" 200 -
::1 - - [23/Oct/2020:01:41:44 +0000] "POST /booking HTTP/1.1" 200 4
::1 - - [23/Oct/2020:01:43:01 +0000] "GET /home HTTP/1.1" 200 -
::1 - - [23/Oct/2020:01:44:14 +0000] "POST /booking HTTP/1.1" 200 4
::1 - - [23/Oct/2020:01:49:32 +0000] "POST /booking HTTP/1.1" 200 4
::1 - - [23/Oct/2020:01:51:17 +0000] "POST /booking HTTP/1.1" 200 4
::1 - - [23/Oct/2020:01:53:43 +0000] "GET /home HTTP/1.1" 200 -
::1 - - [23/Oct/2020:01:53:51 +0000] "POST /booking HTTP/1.1" 200 4
::1 - - [23/Oct/2020:01:56:57 +0000] "GET /home HTTP/1.1" 200 -
::1 - - [23/Oct/2020:01:57:19 +0000] "POST /booking HTTP/1.1" 200 4
::1 - - [23/Oct/2020:01:58:28 +0000] "POST /booking HTTP/1.1" 200 4
::1 - - [23/Oct/2020:01:59:23 +0000] "POST /booking HTTP/1.1" 200 4
::1 - - [23/Oct/2020:02:00:31 +0000] "POST /booking HTTP/1.1" 200 4
::1 - - [23/Oct/2020:02:00:59 +0000] "POST /booking HTTP/1.1" 200 4
::1 - - [23/Oct/2020:02:01:40 +0000] "POST /booking HTTP/1.1" 200 4
::1 - - [23/Oct/2020:02:03:36 +0000] "POST /booking HTTP/1.1" 200 4
::1 - - [23/Oct/2020:02:04:08 +0000] "GET /home HTTP/1.1" 200 -
::1 - - [23/Oct/2020:02:04:15 +0000] "POST /booking HTTP/1.1" 200 4
::1 - - [23/Oct/2020:02:05:53 +0000] "POST /booking HTTP/1.1" 200 4
::1 - - [23/Oct/2020:02:16:28 +0000] "GET /home HTTP/1.1" 200 -
::1 - - [23/Oct/2020:02:16:29 +0000] "GET /home HTTP/1.1" 200 -
::1 - - [23/Oct/2020:02:16:30 +0000] "GET /home HTTP/1.1" 200 -
::1 - - [23/Oct/2020:02:16:30 +0000] "GET /home HTTP/1.1" 200 -
::1 - - [23/Oct/2020:02:16:30 +0000] "GET /home HTTP/1.1" 200 -
::1 - - [23/Oct/2020:02:17:58 +0000] "GET /home HTTP/1.1" 200 -
::1 - - [23/Oct/2020:02:17:59 +0000] "GET /home HTTP/1.1" 200 -
::1 - - [23/Oct/2020:02:18:12 +0000] "GET /home HTTP/1.1" 200 -
::1 - - [23/Oct/2020:02:18:49 +0000] "GET /home HTTP/1.1" 200 -
::1 - - [23/Oct/2020:02:18:54 +0000] "GET /home HTTP/1.1" 200 -
::1 - - [23/Oct/2020:02:26:31 +0000] "GET /home HTTP/1.1" 200 -
::1 - - [23/Oct/2020:02:34:36 +0000] "GET /home HTTP/1.1" 200 -
::1 - - [23/Oct/2020:02:35:25 +0000] "GET /home HTTP/1.1" 200 -
::1 - - [23/Oct/2020:02:35:29 +0000] "GET /home HTTP/1.1" 200 -
::1 - - [23/Oct/2020:02:35:30 +0000] "GET /home HTTP/1.1" 200 -
::1 - - [23/Oct/2020:02:35:30 +0000] "GET /home HTTP/1.1" 200 -
::1 - - [23/Oct/2020:02:35:32 +0000] "GET /home HTTP/1.1" 200 -
::1 - - [23/Oct/2020:02:37:38 +0000] "GET /home HTTP/1.1" 200 -
::1 - - [23/Oct/2020:02:42:57 +0000] "GET /home HTTP/1.1" 200 -
::1 - - [23/Oct/2020:02:43:09 +0000] "POST /booking HTTP/1.1" 404 -
::1 - - [23/Oct/2020:02:46:14 +0000] "GET /booking HTTP/1.1" 404 -
::1 - - [23/Oct/2020:02:46:44 +0000] "GET /booking HTTP/1.1" 404 -
::1 - - [23/Oct/2020:02:47:46 +0000] "POST /booking HTTP/1.1" 200 4
::1 - - [23/Oct/2020:02:48:27 +0000] "GET /home HTTP/1.1" 200 -
::1 - - [23/Oct/2020:02:49:04 +0000] "POST /booking HTTP/1.1" 200 4
::1 - - [23/Oct/2020:02:50:15 +0000] "POST /booking HTTP/1.1" 200 4
::1 - - [23/Oct/2020:02:50:36 +0000] "POST /booking HTTP/1.1" 200 4
::1 - - [23/Oct/2020:02:52:30 +0000] "GET /home HTTP/1.1" 200 -
::1 - - [23/Oct/2020:02:52:38 +0000] "POST /booking HTTP/1.1" 200 4
::1 - - [23/Oct/2020:02:54:10 +0000] "POST /booking HTTP/1.1" 200 4
::1 - - [23/Oct/2020:02:55:00 +0000] "POST /booking HTTP/1.1" 200 9
::1 - - [23/Oct/2020:02:57:16 +0000] "POST /booking HTTP/1.1" 200 9
::1 - - [23/Oct/2020:02:58:24 +0000] "POST /booking HTTP/1.1" 200 9
::1 - - [23/Oct/2020:02:59:15 +0000] "POST /booking HTTP/1.1" 404 -
::1 - - [23/Oct/2020:03:00:07 +0000] "GET /home HTTP/1.1" 200 -
::1 - - [23/Oct/2020:03:00:18 +0000] "POST /booking HTTP/1.1" 200 9
::1 - - [23/Oct/2020:03:01:59 +0000] "GET /booking?val=name=Lawrence&email=asda%40asfa.com&phone=360-593-1869&date=2020-10-24&time=11%3A00&people=2&message=asdadasdada HTTP/1.1" 404 -
::1 - - [23/Oct/2020:03:02:15 +0000] "GET /booking?val=name=Lawrence&email=asda%40asfa.com&phone=360-593-1869&date=2020-10-24&time=11%3A00&people=2&message=asdadasdada HTTP/1.1" 404 -
::1 - - [23/Oct/2020:03:02:49 +0000] "GET /booking?val=name=Lawrence&email=asda%40asfa.com&phone=360-593-1869&date=2020-10-24&time=11%3A00&people=2&message=asdadasdada HTTP/1.1" 404 -
::1 - - [23/Oct/2020:03:03:06 +0000] "GET /booking?val=name=Lawrence&email=asda%40asfa.com&phone=360-593-1869&date=2020-10-24&time=11%3A00&people=2&message=asdadasdada HTTP/1.1" 200 9
::1 - - [23/Oct/2020:03:03:50 +0000] "GET /home HTTP/1.1" 200 -
::1 - - [23/Oct/2020:03:03:58 +0000] "GET /booking?name=Lawrence&email=klnasklfn%40knasf.com&phone=360-593-1869&date=2020-10-24&time=11%3A00&people=2&message=asdasdadadasd HTTP/1.1" 200 9
::1 - - [23/Oct/2020:03:06:20 +0000] "GET /home HTTP/1.1" 200 -
::1 - - [23/Oct/2020:03:06:37 +0000] "GET /booking?name=Lawrence&email=klnasklfn%40knasf.com&phone=360-593-1869&date=2020-10-30&time=11%3A00&people=2&message=asdasdasdasdad HTTP/1.1" 200 9
::1 - - [23/Oct/2020:03:07:33 +0000] "GET /booking?name=Lawrence&email=klnasklfn%40knasf.com&phone=360-593-1869&date=2020-10-30&time=11%3A00&people=2&message=asdasdasdasdad HTTP/1.1" 200 9
::1 - - [23/Oct/2020:03:07:50 +0000] "GET /booking?name=Lawrence&email=klnasklfn%40knasf.com&phone=360-593-1869&date=2020-10-30&time=11%3A00&people=2&message=asdasdasdasdad HTTP/1.1" 200 9
::1 - - [23/Oct/2020:03:08:34 +0000] "GET /booking?name=Lawrence&email=klnasklfn%40knasf.com&phone=360-593-1869&date=2020-10-30&time=11%3A00&people=2&message=asdasdasdasdad HTTP/1.1" 200 9
::1 - - [23/Oct/2020:03:08:45 +0000] "GET /home HTTP/1.1" 200 -
::1 - - [23/Oct/2020:03:09:01 +0000] "GET /booking?name=Lawrence&email=klnasklfn%40knasf.com&phone=360-593-1869&date=2020-10-31&time=11%3A00&people=2&message=adasdasdasdasd HTTP/1.1" 404 -
::1 - - [23/Oct/2020:03:11:54 +0000] "GET /home HTTP/1.1" 200 -
::1 - - [23/Oct/2020:03:12:02 +0000] "GET /booking?name=Lawrence&email=lawrencegood55%40gmail.com&phone=360-593-1869&date=2020-10-31&time=11%3A00&people=2&message=asdasdasdadasd HTTP/1.1" 404 -
::1 - - [23/Oct/2020:03:12:22 +0000] "GET /booking?name=Lawrence&email=lawrencegood55%40gmail.com&phone=360-593-1869&date=2020-10-31&time=11%3A00&people=2&message=asdasdasdadasd HTTP/1.1" 404 -
::1 - - [23/Oct/2020:03:12:26 +0000] "GET /home HTTP/1.1" 200 -
::1 - - [23/Oct/2020:03:12:34 +0000] "GET /booking?name=Lawrence&email=klnasklfn%40knasf.com&phone=360-593-1869&date=2020-10-24&time=11%3A00&people=4&message=asdasdsadsad HTTP/1.1" 404 -
::1 - - [23/Oct/2020:03:12:45 +0000] "GET /home HTTP/1.1" 200 -
::1 - - [23/Oct/2020:03:12:52 +0000] "GET /booking?name=Lawrence&email=klnasklfn%40knasf.com&phone=360-593-1869&date=2020-10-31&time=11%3A00&people=2&message=asdadasdadasd HTTP/1.1" 404 -
::1 - - [23/Oct/2020:03:12:57 +0000] "GET /booking?name=Lawrence&email=klnasklfn%40knasf.com&phone=360-593-1869&date=2020-10-31&time=11%3A00&people=2&message=asdadasdadasd HTTP/1.1" 404 -
::1 - - [23/Oct/2020:03:13:35 +0000] "GET /booking?name=Lawrence&email=klnasklfn%40knasf.com&phone=360-593-1869&date=2020-10-31&time=11%3A00&people=2&message=asdadasdadasd HTTP/1.1" 404 -
::1 - - [23/Oct/2020:03:13:45 +0000] "GET /booking?name=Lawrence&email=klnasklfn%40knasf.com&phone=360-593-1869&date=2020-10-31&time=11%3A00&people=2&message=asdadasdadasd HTTP/1.1" 404 -
::1 - - [23/Oct/2020:03:13:49 +0000] "GET /home HTTP/1.1" 200 -
::1 - - [23/Oct/2020:03:13:56 +0000] "GET /booking?name=asdasdasdasd&email=lawrencegood55%40gmail.com&phone=360-593-1869&date=2020-10-31&time=11%3A00&people=2&message=adasdadasd HTTP/1.1" 404 -
::1 - - [23/Oct/2020:03:14:16 +0000] "GET /booking?name=asdasdasdasd&email=lawrencegood55%40gmail.com&phone=360-593-1869&date=2020-10-31&time=11%3A00&people=2&message=adasdadasd HTTP/1.1" 404 -
::1 - - [23/Oct/2020:03:14:59 +0000] "GET /home HTTP/1.1" 200 -
::1 - - [23/Oct/2020:03:15:07 +0000] "GET /booking?name=Lawrence&email=lawrencegood55%40gmail.com&phone=360-593-1869&date=2020-10-31&time=11%3A00&people=4&message=asdasdasdasdad HTTP/1.1" 200 9
::1 - - [23/Oct/2020:03:16:50 +0000] "GET /home HTTP/1.1" 200 -
::1 - - [23/Oct/2020:03:18:00 +0000] "GET /booking?name=Lawrence&email=klnasklfn%40knasf.com&phone=360-593-1869&date=2020-10-24&time=11%3A00&people=4&message=asdasdasdasda HTTP/1.1" 200 9
::1 - - [23/Oct/2020:03:18:29 +0000] "GET /home HTTP/1.1" 200 -
::1 - - [23/Oct/2020:03:20:35 +0000] "GET /home HTTP/1.1" 200 -
::1 - - [23/Oct/2020:03:22:03 +0000] "GET /home HTTP/1.1" 200 -
::1 - - [27/Oct/2020:15:44:51 +0000] "GET /home HTTP/1.1" 200 -
::1 - - [27/Oct/2020:16:07:53 +0000] "GET /home HTTP/1.1" 200 -
::1 - - [27/Oct/2020:16:07:55 +0000] "GET /home HTTP/1.1" 200 -
::1 - - [27/Oct/2020:16:07:56 +0000] "GET /home HTTP/1.1" 200 -
::1 - - [27/Oct/2020:16:07:59 +0000] "GET /home HTTP/1.1" 200 -
::1 - - [27/Oct/2020:16:08:29 +0000] "GET /home HTTP/1.1" 200 -
::1 - - [27/Oct/2020:16:08:31 +0000] "GET /home HTTP/1.1" 200 -
::1 - - [27/Oct/2020:16:08:48 +0000] "GET /home HTTP/1.1" 200 -
::1 - - [27/Oct/2020:16:10:23 +0000] "GET /home HTTP/1.1" 200 -
::1 - - [27/Oct/2020:16:10:37 +0000] "GET /home HTTP/1.1" 200 -
::1 - - [27/Oct/2020:16:15:32 +0000] "GET /home HTTP/1.1" 200 -
::1 - - [27/Oct/2020:16:20:30 +0000] "GET /home HTTP/1.1" 200 -
::1 - - [27/Oct/2020:16:22:50 +0000] "GET /home HTTP/1.1" 200 -
::1 - - [27/Oct/2020:16:23:42 +0000] "GET /home HTTP/1.1" 200 -
::1 - - [27/Oct/2020:16:26:57 +0000] "GET /home HTTP/1.1" 200 -
::1 - - [27/Oct/2020:16:33:41 +0000] "GET /home HTTP/1.1" 200 -
::1 - - [27/Oct/2020:16:33:41 +0000] "GET /favicon.ico HTTP/1.1" 404 -
::1 - - [27/Oct/2020:16:39:45 +0000] "GET /home HTTP/1.1" 200 -
::1 - - [27/Oct/2020:16:39:49 +0000] "GET /home HTTP/1.1" 200 -
::1 - - [27/Oct/2020:16:42:08 +0000] "GET /home HTTP/1.1" 404 -
::1 - - [27/Oct/2020:16:50:07 +0000] "GET /home HTTP/1.1" 200 -
::1 - - [27/Oct/2020:16:50:58 +0000] "GET /home HTTP/1.1" 200 -
::1 - - [27/Oct/2020:17:00:50 +0000] "GET /home HTTP/1.1" 200 -
::1 - - [27/Oct/2020:17:00:50 +0000] "GET /img/fish/fried-perch.jpg HTTP/1.1" 404 -
::1 - - [27/Oct/2020:17:01:06 +0000] "GET /home HTTP/1.1" 200 -
::1 - - [27/Oct/2020:17:04:41 +0000] "GET /home HTTP/1.1" 200 -
::1 - - [27/Oct/2020:17:12:15 +0000] "GET /home HTTP/1.1" 200 -
::1 - - [27/Oct/2020:17:17:14 +0000] "GET /home HTTP/1.1" 200 -
::1 - - [27/Oct/2020:17:17:37 +0000] "GET /home HTTP/1.1" 200 -
::1 - - [27/Oct/2020:17:18:10 +0000] "GET /home HTTP/1.1" 200 -
::1 - - [27/Oct/2020:17:18:57 +0000] "GET /home HTTP/1.1" 200 -
::1 - - [27/Oct/2020:17:19:00 +0000] "GET /home HTTP/1.1" 200 -
::1 - - [27/Oct/2020:17:22:49 +0000] "GET /home HTTP/1.1" 200 -
::1 - - [27/Oct/2020:17:22:53 +0000] "GET /home HTTP/1.1" 200 -
::1 - - [27/Oct/2020:17:23:07 +0000] "GET /home HTTP/1.1" 200 -
::1 - - [27/Oct/2020:17:26:29 +0000] "GET /home HTTP/1.1" 200 -
::1 - - [27/Oct/2020:17:27:47 +0000] "GET /home HTTP/1.1" 200 -
::1 - - [27/Oct/2020:17:27:54 +0000] "GET /home HTTP/1.1" 200 -
::1 - - [27/Oct/2020:17:28:11 +0000] "GET /home HTTP/1.1" 200 -
::1 - - [27/Oct/2020:17:28:15 +0000] "GET /home HTTP/1.1" 200 -
::1 - - [27/Oct/2020:17:28:18 +0000] "GET /home HTTP/1.1" 200 -
::1 - - [27/Oct/2020:17:28:41 +0000] "GET /home HTTP/1.1" 200 -
::1 - - [27/Oct/2020:17:31:34 +0000] "GET /home HTTP/1.1" 200 -
::1 - - [27/Oct/2020:17:33:12 +0000] "GET /home HTTP/1.1" 200 -
::1 - - [27/Oct/2020:17:34:07 +0000] "GET /home HTTP/1.1" 200 -
::1 - - [27/Oct/2020:17:36:55 +0000] "GET /home HTTP/1.1" 200 -
::1 - - [27/Oct/2020:17:38:45 +0000] "GET /home HTTP/1.1" 200 -
::1 - - [27/Oct/2020:17:41:15 +0000] "GET /img/food-truck-7.jpg HTTP/1.1" 404 -
::1 - - [27/Oct/2020:17:41:15 +0000] "GET /img/food-truck-7.jpg HTTP/1.1" 404 -
::1 - - [27/Oct/2020:17:41:17 +0000] "GET /home HTTP/1.1" 200 -
::1 - - [27/Oct/2020:17:41:17 +0000] "GET /img/food-truck-7.jpg HTTP/1.1" 404 -
::1 - - [27/Oct/2020:17:41:51 +0000] "GET /img/food-truck-7.jpg HTTP/1.1" 404 -
::1 - - [27/Oct/2020:17:41:52 +0000] "GET /img/food-truck-7.jpg HTTP/1.1" 404 -
::1 - - [27/Oct/2020:17:41:52 +0000] "GET /img/food-truck-7.jpg HTTP/1.1" 404 -
::1 - - [27/Oct/2020:17:41:53 +0000] "GET /img/food-truck-7.jpg HTTP/1.1" 404 -
::1 - - [27/Oct/2020:17:42:08 +0000] "GET /img/food-truck-7.jpg HTTP/1.1" 404 -
::1 - - [27/Oct/2020:17:42:08 +0000] "GET /img/food-truck-7.jpg HTTP/1.1" 404 -
::1 - - [27/Oct/2020:17:42:11 +0000] "GET /img/food-truck-7.jpg HTTP/1.1" 404 -
::1 - - [27/Oct/2020:17:42:11 +0000] "GET /img/food-truck-7.jpg HTTP/1.1" 404 -
::1 - - [27/Oct/2020:17:42:23 +0000] "GET /img//food-truck-7.jpg HTTP/1.1" 404 -
::1 - - [27/Oct/2020:17:42:23 +0000] "GET /img//fifood-truck-7.jpg HTTP/1.1" 404 -
::1 - - [27/Oct/2020:17:42:23 +0000] "GET /img//fishfood-truck-7.jpg HTTP/1.1" 404 -
::1 - - [27/Oct/2020:17:44:14 +0000] "GET /home HTTP/1.1" 200 -
::1 - - [27/Oct/2020:17:48:37 +0000] "GET /home HTTP/1.1" 200 -
::1 - - [28/Oct/2020:01:12:47 +0000] "GET /home HTTP/1.1" 200 -
::1 - - [28/Oct/2020:01:29:05 +0000] "GET /home HTTP/1.1" 200 -
::1 - - [28/Oct/2020:01:33:54 +0000] "GET /home HTTP/1.1" 200 -
::1 - - [28/Oct/2020:01:52:42 +0000] "GET /home HTTP/1.1" 200 -
::1 - - [28/Oct/2020:01:54:40 +0000] "GET /home HTTP/1.1" 200 -
::1 - - [28/Oct/2020:01:54:48 +0000] "GET /home HTTP/1.1" 200 -
::1 - - [28/Oct/2020:01:54:59 +0000] "GET /home HTTP/1.1" 200 -
::1 - - [28/Oct/2020:01:56:56 +0000] "GET /home HTTP/1.1" 200 -
::1 - - [28/Oct/2020:01:56:57 +0000] "GET /home HTTP/1.1" 200 -
::1 - - [28/Oct/2020:01:57:25 +0000] "GET /home HTTP/1.1" 200 -
::1 - - [28/Oct/2020:01:57:57 +0000] "GET /home HTTP/1.1" 200 -
::1 - - [28/Oct/2020:01:58:01 +0000] "GET /home HTTP/1.1" 200 -
::1 - - [28/Oct/2020:01:58:10 +0000] "GET /home HTTP/1.1" 200 -
::1 - - [28/Oct/2020:01:58:42 +0000] "GET /home HTTP/1.1" 200 -
::1 - - [28/Oct/2020:01:58:52 +0000] "GET /home HTTP/1.1" 200 -
::1 - - [28/Oct/2020:02:00:04 +0000] "GET /home HTTP/1.1" 200 -
::1 - - [28/Oct/2020:02:01:19 +0000] "GET /home HTTP/1.1" 200 -
::1 - - [28/Oct/2020:02:01:22 +0000] "GET /home HTTP/1.1" 200 -
::1 - - [28/Oct/2020:02:01:30 +0000] "GET /home HTTP/1.1" 200 -
::1 - - [28/Oct/2020:02:02:39 +0000] "GET /home HTTP/1.1" 200 -
::1 - - [28/Oct/2020:02:02:41 +0000] "GET /home HTTP/1.1" 200 -
::1 - - [28/Oct/2020:02:03:03 +0000] "GET /home HTTP/1.1" 200 -
::1 - - [28/Oct/2020:02:03:33 +0000] "GET /home HTTP/1.1" 200 -
::1 - - [28/Oct/2020:02:04:23 +0000] "GET /home HTTP/1.1" 200 -
::1 - - [28/Oct/2020:02:05:24 +0000] "GET /home HTTP/1.1" 200 -
::1 - - [28/Oct/2020:02:05:38 +0000] "GET /home HTTP/1.1" 200 -
::1 - - [28/Oct/2020:02:05:45 +0000] "GET /home HTTP/1.1" 200 -
::1 - - [28/Oct/2020:02:06:13 +0000] "GET /home HTTP/1.1" 200 -
::1 - - [28/Oct/2020:02:06:26 +0000] "GET /home HTTP/1.1" 200 -
::1 - - [28/Oct/2020:02:09:01 +0000] "GET /home HTTP/1.1" 200 -
::1 - - [28/Oct/2020:02:09:23 +0000] "GET /home HTTP/1.1" 200 -
::1 - - [28/Oct/2020:02:09:33 +0000] "GET /home HTTP/1.1" 200 -
::1 - - [28/Oct/2020:02:09:58 +0000] "GET /home HTTP/1.1" 200 -
::1 - - [28/Oct/2020:02:10:08 +0000] "GET /home HTTP/1.1" 200 -
::1 - - [28/Oct/2020:02:10:46 +0000] "GET /home HTTP/1.1" 200 -
::1 - - [28/Oct/2020:02:10:59 +0000] "GET /home HTTP/1.1" 200 -
::1 - - [28/Oct/2020:02:11:08 +0000] "GET /home HTTP/1.1" 200 -
::1 - - [28/Oct/2020:02:11:22 +0000] "GET /home HTTP/1.1" 200 -
::1 - - [28/Oct/2020:02:15:57 +0000] "GET /home HTTP/1.1" 200 -
::1 - - [28/Oct/2020:02:16:14 +0000] "GET /home HTTP/1.1" 200 -
::1 - - [28/Oct/2020:02:17:04 +0000] "GET /home HTTP/1.1" 200 -
::1 - - [28/Oct/2020:02:17:45 +0000] "GET /home HTTP/1.1" 200 -
::1 - - [28/Oct/2020:02:17:51 +0000] "GET /home HTTP/1.1" 200 -
::1 - - [28/Oct/2020:02:17:53 +0000] "GET /home HTTP/1.1" 200 -
::1 - - [28/Oct/2020:02:18:04 +0000] "GET /home HTTP/1.1" 200 -
::1 - - [28/Oct/2020:02:20:48 +0000] "GET /home HTTP/1.1" 200 -
::1 - - [28/Oct/2020:02:22:16 +0000] "GET /home HTTP/1.1" 200 -
::1 - - [28/Oct/2020:02:22:21 +0000] "GET /home HTTP/1.1" 200 -
::1 - - [28/Oct/2020:02:22:23 +0000] "GET /home HTTP/1.1" 200 -
::1 - - [28/Oct/2020:02:23:18 +0000] "GET /home HTTP/1.1" 200 -
::1 - - [28/Oct/2020:02:25:07 +0000] "GET /home HTTP/1.1" 200 -
::1 - - [28/Oct/2020:02:25:20 +0000] "GET /home HTTP/1.1" 200 -
::1 - - [28/Oct/2020:02:25:51 +0000] "GET /home HTTP/1.1" 200 -
::1 - - [28/Oct/2020:02:26:41 +0000] "GET /home HTTP/1.1" 200 -
::1 - - [28/Oct/2020:02:28:23 +0000] "GET /home HTTP/1.1" 200 -
::1 - - [28/Oct/2020:02:28:39 +0000] "GET /home HTTP/1.1" 200 -
::1 - - [28/Oct/2020:02:28:47 +0000] "GET /home HTTP/1.1" 200 -
::1 - - [28/Oct/2020:02:29:11 +0000] "GET /home HTTP/1.1" 200 -
::1 - - [28/Oct/2020:02:30:26 +0000] "GET /home HTTP/1.1" 200 -
::1 - - [28/Oct/2020:02:34:09 +0000] "GET /home HTTP/1.1" 200 -
::1 - - [28/Oct/2020:02:51:43 +0000] "GET /home HTTP/1.1" 200 -
::1 - - [28/Oct/2020:02:52:04 +0000] "GET /home HTTP/1.1" 200 -
::1 - - [28/Oct/2020:02:53:18 +0000] "GET /home HTTP/1.1" 200 -
::1 - - [28/Oct/2020:02:54:46 +0000] "GET /home HTTP/1.1" 200 -
::1 - - [28/Oct/2020:02:55:37 +0000] "GET /home HTTP/1.1" 200 -
::1 - - [28/Oct/2020:02:57:51 +0000] "GET /home HTTP/1.1" 200 -
::1 - - [28/Oct/2020:03:04:09 +0000] "GET /home HTTP/1.1" 200 -
::1 - - [28/Oct/2020:03:05:51 +0000] "GET /home HTTP/1.1" 200 -
::1 - - [28/Oct/2020:03:06:38 +0000] "POST /order HTTP/1.1" 404 -
::1 - - [28/Oct/2020:03:06:41 +0000] "GET /home HTTP/1.1" 200 -
::1 - - [28/Oct/2020:15:28:06 +0000] "GET /home HTTP/1.1" 200 -
::1 - - [28/Oct/2020:15:29:52 +0000] "GET /home HTTP/1.1" 200 -
::1 - - [28/Oct/2020:15:30:14 +0000] "GET /home HTTP/1.1" 200 -
::1 - - [28/Oct/2020:15:30:19 +0000] "GET /home HTTP/1.1" 200 -
::1 - - [28/Oct/2020:15:30:59 +0000] "GET /home HTTP/1.1" 200 -
::1 - - [28/Oct/2020:15:31:23 +0000] "GET /home HTTP/1.1" 200 -
::1 - - [28/Oct/2020:15:31:32 +0000] "GET /home HTTP/1.1" 200 -
::1 - - [28/Oct/2020:15:33:09 +0000] "GET /home HTTP/1.1" 200 -
::1 - - [28/Oct/2020:15:33:22 +0000] "GET /home HTTP/1.1" 200 -
::1 - - [28/Oct/2020:15:35:08 +0000] "GET /home HTTP/1.1" 200 -
::1 - - [28/Oct/2020:15:35:41 +0000] "GET /home HTTP/1.1" 200 -
::1 - - [28/Oct/2020:15:36:07 +0000] "GET /home HTTP/1.1" 200 -
::1 - - [28/Oct/2020:15:37:36 +0000] "GET /home HTTP/1.1" 200 -
::1 - - [28/Oct/2020:15:37:49 +0000] "GET /home HTTP/1.1" 200 -
::1 - - [28/Oct/2020:15:37:54 +0000] "GET /home HTTP/1.1" 200 -
::1 - - [28/Oct/2020:15:38:07 +0000] "GET /home HTTP/1.1" 200 -
::1 - - [28/Oct/2020:15:38:11 +0000] "GET /home HTTP/1.1" 200 -
::1 - - [28/Oct/2020:15:45:12 +0000] "GET /home HTTP/1.1" 200 -
::1 - - [28/Oct/2020:15:45:16 +0000] "GET /home HTTP/1.1" 200 -
::1 - - [28/Oct/2020:15:46:35 +0000] "GET /home HTTP/1.1" 200 -
::1 - - [28/Oct/2020:15:47:32 +0000] "GET /home HTTP/1.1" 200 -
::1 - - [28/Oct/2020:15:47:50 +0000] "GET /home HTTP/1.1" 200 -
::1 - - [28/Oct/2020:15:50:58 +0000] "GET /home HTTP/1.1" 200 -
::1 - - [28/Oct/2020:15:56:12 +0000] "GET /home HTTP/1.1" 200 -
::1 - - [28/Oct/2020:15:56:33 +0000] "GET /home HTTP/1.1" 200 -
::1 - - [28/Oct/2020:15:56:35 +0000] "GET /home HTTP/1.1" 200 -
::1 - - [28/Oct/2020:15:57:28 +0000] "GET /home HTTP/1.1" 200 -
::1 - - [28/Oct/2020:15:57:31 +0000] "GET /home HTTP/1.1" 200 -
::1 - - [28/Oct/2020:15:58:32 +0000] "GET /home HTTP/1.1" 200 -
::1 - - [28/Oct/2020:15:58:43 +0000] "GET /home HTTP/1.1" 200 -
::1 - - [28/Oct/2020:15:58:52 +0000] "GET /home HTTP/1.1" 200 -
::1 - - [28/Oct/2020:15:59:23 +0000] "GET /home HTTP/1.1" 200 -
::1 - - [28/Oct/2020:16:00:41 +0000] "GET /home HTTP/1.1" 200 -
::1 - - [28/Oct/2020:16:09:59 +0000] "GET /home HTTP/1.1" 200 -
::1 - - [28/Oct/2020:16:10:16 +0000] "GET /home HTTP/1.1" 200 -
::1 - - [28/Oct/2020:16:10:26 +0000] "GET /home HTTP/1.1" 200 -
::1 - - [28/Oct/2020:16:10:36 +0000] "GET /img/favicon.ico HTTP/1.1" 404 -
::1 - - [28/Oct/2020:16:10:36 +0000] "GET /img/favicon.ico HTTP/1.1" 404 -
::1 - - [28/Oct/2020:16:10:52 +0000] "GET /home HTTP/1.1" 200 -
::1 - - [28/Oct/2020:16:10:52 +0000] "GET /favicon.ico HTTP/1.1" 404 -
::1 - - [28/Oct/2020:16:10:52 +0000] "GET /favicon.ico HTTP/1.1" 404 -
::1 - - [28/Oct/2020:16:11:12 +0000] "GET /home HTTP/1.1" 200 -
::1 - - [28/Oct/2020:16:11:31 +0000] "GET /home HTTP/1.1" 200 -
::1 - - [28/Oct/2020:16:11:59 +0000] "GET /home HTTP/1.1" 200 -
::1 - - [28/Oct/2020:16:13:51 +0000] "GET /home HTTP/1.1" 200 -
::1 - - [28/Oct/2020:16:15:28 +0000] "GET /home HTTP/1.1" 200 -
::1 - - [28/Oct/2020:16:15:42 +0000] "GET /home HTTP/1.1" 200 -
::1 - - [28/Oct/2020:16:15:42 +0000] "GET /favicon.ico HTTP/1.1" 404 -
::1 - - [28/Oct/2020:16:15:58 +0000] "GET /home HTTP/1.1" 200 -
::1 - - [28/Oct/2020:16:16:01 +0000] "GET /home HTTP/1.1" 200 -
::1 - - [28/Oct/2020:16:16:42 +0000] "GET /home HTTP/1.1" 200 -
::1 - - [28/Oct/2020:16:17:48 +0000] "GET /home HTTP/1.1" 200 -
::1 - - [28/Oct/2020:16:18:10 +0000] "GET /home HTTP/1.1" 200 -
::1 - - [28/Oct/2020:16:18:10 +0000] "GET /home HTTP/1.1" 200 -
::1 - - [28/Oct/2020:16:18:31 +0000] "GET /home HTTP/1.1" 200 -
::1 - - [28/Oct/2020:16:18:50 +0000] "GET /home HTTP/1.1" 200 -
::ffff:127.0.0.1 - - [28/Oct/2020:16:19:44 +0000] "GET http://acroipm.adobe.com/11/rdr/ENU/win/nooem/none/message.zip HTTP/1.1" 404 6925
::ffff:127.0.0.1 - - [28/Oct/2020:16:27:41 +0000] "GET http://clientservices.googleapis.com/chrome-variations/seed?osname=win&channel=stable&milestone=83 HTTP/1.1" 404 -
::ffff:127.0.0.1 - - [28/Oct/2020:16:33:30 +0000] "POST http://update.googleapis.com/service/update2?cup2key=10:2193657869&cup2hreq=6e89be770c9ed54f063cf6e22ac990def741761d855b5633070292201916922f HTTP/1.1" 404 6925
::ffff:127.0.0.1 - - [28/Oct/2020:16:33:53 +0000] "POST http://update.googleapis.com/service/update2?cup2key=10:2342957559&cup2hreq=6e89be770c9ed54f063cf6e22ac990def741761d855b5633070292201916922f HTTP/1.1" 404 6925
::1 - - [28/Oct/2020:16:34:19 +0000] "GET /home HTTP/1.1" 200 -
::ffff:127.0.0.1 - - [28/Oct/2020:16:36:00 +0000] "POST http://update.googleapis.com/service/update2?cup2key=10:3050417854&cup2hreq=bce7a6131ae6087a73cea04d4318303c83c0c5c8855d98023a4e1fe7df49b549 HTTP/1.1" 404 6949
::1 - - [28/Oct/2020:16:36:22 +0000] "GET /home HTTP/1.1" 200 -
::ffff:127.0.0.1 - - [28/Oct/2020:16:36:24 +0000] "POST http://update.googleapis.com/service/update2?cup2key=10:2971093577&cup2hreq=bce7a6131ae6087a73cea04d4318303c83c0c5c8855d98023a4e1fe7df49b549 HTTP/1.1" 404 6949
::1 - - [28/Oct/2020:16:49:06 +0000] "GET /home HTTP/1.1" 200 -
::1 - - [28/Oct/2020:16:53:31 +0000] "GET /home HTTP/1.1" 200 -
::1 - - [28/Oct/2020:16:53:40 +0000] "GET /home HTTP/1.1" 200 -
::1 - - [28/Oct/2020:16:54:26 +0000] "GET /home HTTP/1.1" 200 -
::1 - - [28/Oct/2020:16:55:15 +0000] "GET /home HTTP/1.1" 200 -
::1 - - [28/Oct/2020:16:55:34 +0000] "GET /home HTTP/1.1" 200 -
::ffff:127.0.0.1 - - [28/Oct/2020:16:57:40 +0000] "GET http://clientservices.googleapis.com/chrome-variations/seed?osname=win&channel=stable&milestone=83 HTTP/1.1" 404 -
::1 - - [28/Oct/2020:17:02:00 +0000] "GET /home HTTP/1.1" 200 -
::1 - - [28/Oct/2020:17:02:22 +0000] "GET /home HTTP/1.1" 200 -
::1 - - [28/Oct/2020:17:03:06 +0000] "GET /home HTTP/1.1" 200 -
::1 - - [28/Oct/2020:17:03:27 +0000] "GET /home HTTP/1.1" 200 -
::1 - - [28/Oct/2020:17:04:14 +0000] "GET /home HTTP/1.1" 200 -
::1 - - [28/Oct/2020:17:06:18 +0000] "GET /home HTTP/1.1" 200 -
::1 - - [28/Oct/2020:17:06:22 +0000] "GET /home HTTP/1.1" 200 -
::1 - - [28/Oct/2020:17:07:03 +0000] "GET /home HTTP/1.1" 200 -
::1 - - [28/Oct/2020:17:07:09 +0000] "GET /home HTTP/1.1" 200 -
::1 - - [28/Oct/2020:17:08:14 +0000] "GET /home HTTP/1.1" 200 -
::1 - - [28/Oct/2020:17:08:34 +0000] "GET /home HTTP/1.1" 200 -
::1 - - [28/Oct/2020:17:08:40 +0000] "GET /home HTTP/1.1" 200 -
::1 - - [28/Oct/2020:17:08:49 +0000] "GET /home HTTP/1.1" 200 -
::1 - - [28/Oct/2020:17:09:57 +0000] "GET /home HTTP/1.1" 200 -
::1 - - [28/Oct/2020:17:10:16 +0000] "GET /home HTTP/1.1" 200 -
::1 - - [28/Oct/2020:17:11:09 +0000] "GET /home HTTP/1.1" 200 -
::1 - - [28/Oct/2020:17:11:15 +0000] "GET /home HTTP/1.1" 200 -
::1 - - [28/Oct/2020:17:11:22 +0000] "GET /home HTTP/1.1" 200 -
::1 - - [28/Oct/2020:17:11:34 +0000] "GET /home HTTP/1.1" 200 -
::1 - - [28/Oct/2020:17:12:11 +0000] "GET /home HTTP/1.1" 200 -
::1 - - [28/Oct/2020:17:12:37 +0000] "GET /home HTTP/1.1" 200 -
::1 - - [28/Oct/2020:17:12:51 +0000] "GET /home HTTP/1.1" 200 -
::1 - - [28/Oct/2020:17:19:52 +0000] "GET /home HTTP/1.1" 200 -
::1 - - [28/Oct/2020:17:20:31 +0000] "GET /home HTTP/1.1" 200 -
::1 - - [28/Oct/2020:17:21:37 +0000] "GET /home HTTP/1.1" 200 -
::1 - - [28/Oct/2020:17:21:42 +0000] "GET /home HTTP/1.1" 200 -
::1 - - [28/Oct/2020:17:21:51 +0000] "GET /home HTTP/1.1" 200 -
::ffff:127.0.0.1 - - [28/Oct/2020:17:22:53 +0000] "GET http://acroipm.adobe.com/11/rdr/ENU/win/nooem/none/message.zip HTTP/1.1" 404 6949
::1 - - [28/Oct/2020:17:23:36 +0000] "GET /home HTTP/1.1" 200 -
::1 - - [28/Oct/2020:17:23:42 +0000] "GET /home HTTP/1.1" 200 -
::1 - - [28/Oct/2020:17:23:42 +0000] "GET /home HTTP/1.1" 200 -
::1 - - [28/Oct/2020:17:23:48 +0000] "GET /home HTTP/1.1" 200 -
::1 - - [28/Oct/2020:17:23:54 +0000] "GET /home HTTP/1.1" 200 -
::1 - - [28/Oct/2020:17:23:55 +0000] "GET /home HTTP/1.1" 200 -
::1 - - [28/Oct/2020:17:23:55 +0000] "GET /home HTTP/1.1" 200 -
::1 - - [28/Oct/2020:17:23:56 +0000] "GET /home HTTP/1.1" 200 -
::1 - - [28/Oct/2020:17:24:09 +0000] "GET /home HTTP/1.1" 200 -
::1 - - [28/Oct/2020:17:24:41 +0000] "GET /home HTTP/1.1" 200 -
::1 - - [28/Oct/2020:17:25:04 +0000] "GET /home HTTP/1.1" 200 -
::1 - - [28/Oct/2020:17:25:20 +0000] "GET /home HTTP/1.1" 200 -
::1 - - [28/Oct/2020:17:25:29 +0000] "GET /home HTTP/1.1" 200 -
::1 - - [28/Oct/2020:17:25:42 +0000] "GET /home HTTP/1.1" 200 -
::1 - - [28/Oct/2020:17:25:52 +0000] "GET /home HTTP/1.1" 200 -
::1 - - [28/Oct/2020:17:25:52 +0000] "GET /home HTTP/1.1" 200 -
::1 - - [28/Oct/2020:17:26:06 +0000] "GET /home HTTP/1.1" 200 -
::1 - - [28/Oct/2020:17:26:29 +0000] "GET /home HTTP/1.1" 200 -
::1 - - [28/Oct/2020:17:26:51 +0000] "GET /home HTTP/1.1" 200 -
::1 - - [28/Oct/2020:17:27:20 +0000] "GET /home HTTP/1.1" 200 -
::1 - - [28/Oct/2020:17:27:22 +0000] "GET /home HTTP/1.1" 200 -
::1 - - [28/Oct/2020:17:27:32 +0000] "GET /home HTTP/1.1" 200 -
::1 - - [28/Oct/2020:17:27:40 +0000] "GET /home HTTP/1.1" 200 -
::ffff:127.0.0.1 - - [28/Oct/2020:17:27:41 +0000] "GET http://clientservices.googleapis.com/chrome-variations/seed?osname=win&channel=stable&milestone=83 HTTP/1.1" 404 -
::ffff:127.0.0.1 - - [28/Oct/2020:17:33:52 +0000] "POST http://update.googleapis.com/service/update2?cup2key=10:599263596&cup2hreq=1c05ed3eb6c0d5567a90aea261c5ad0b7f47d9487d0fbc6fde152b666c784576 HTTP/1.1" 404 6949
::ffff:127.0.0.1 - - [28/Oct/2020:17:34:13 +0000] "POST http://update.googleapis.com/service/update2?cup2key=10:2460305414&cup2hreq=1c05ed3eb6c0d5567a90aea261c5ad0b7f47d9487d0fbc6fde152b666c784576 HTTP/1.1" 404 6949
::1 - - [29/Oct/2020:15:23:58 +0000] "GET /home HTTP/1.1" 200 -
::ffff:127.0.0.1 - - [29/Oct/2020:15:24:36 +0000] "POST http://update.googleapis.com/service/update2/json?cup2key=10:4207741808&cup2hreq=92c8fd8b33b93ccd1ef15a2dc4a8265e198970f92960e1b7c3712cc6e5250c07 HTTP/1.1" 404 -
::ffff:127.0.0.1 - - [29/Oct/2020:15:24:59 +0000] "POST http://update.googleapis.com/service/update2?cup2key=10:3065604191&cup2hreq=1cbd8fd155e22a38f3c3ef8c5d3318d39f2b7ce50ab1e40d9d18cb866d47cc6f HTTP/1.1" 404 6949
::ffff:127.0.0.1 - - [29/Oct/2020:15:25:19 +0000] "POST http://update.googleapis.com/service/update2?cup2key=10:582416949&cup2hreq=1cbd8fd155e22a38f3c3ef8c5d3318d39f2b7ce50ab1e40d9d18cb866d47cc6f HTTP/1.1" 404 6949
::1 - - [29/Oct/2020:15:26:06 +0000] "GET /home HTTP/1.1" 200 -
::1 - - [29/Oct/2020:15:26:16 +0000] "GET /home HTTP/1.1" 200 -
::1 - - [29/Oct/2020:15:26:25 +0000] "GET /home HTTP/1.1" 200 -
::1 - - [29/Oct/2020:15:26:50 +0000] "GET /home HTTP/1.1" 200 -
::1 - - [29/Oct/2020:15:26:59 +0000] "GET /home HTTP/1.1" 200 -
::1 - - [29/Oct/2020:15:27:10 +0000] "GET /home HTTP/1.1" 200 -
::1 - - [29/Oct/2020:15:27:29 +0000] "GET /home HTTP/1.1" 200 -
::1 - - [29/Oct/2020:15:27:35 +0000] "GET /home HTTP/1.1" 200 -
::1 - - [29/Oct/2020:15:27:49 +0000] "GET /home HTTP/1.1" 200 -
::1 - - [29/Oct/2020:15:27:53 +0000] "GET /home HTTP/1.1" 200 -
::1 - - [29/Oct/2020:15:28:11 +0000] "GET /home HTTP/1.1" 200 -
::ffff:127.0.0.1 - - [29/Oct/2020:15:28:34 +0000] "GET http://clientservices.googleapis.com/chrome-variations/seed?osname=win&channel=stable&milestone=83 HTTP/1.1" 404 -
::ffff:127.0.0.1 - - [29/Oct/2020:15:28:54 +0000] "GET http://acroipm.adobe.com/11/rdr/ENU/win/nooem/none/message.zip HTTP/1.1" 404 6949
::ffff:127.0.0.1 - - [29/Oct/2020:15:35:02 +0000] "POST http://update.googleapis.com/service/update2?cup2key=10:4026180016&cup2hreq=17ab83dc3f55fb87be0580db973cdbbd7d26d43c2b2a7b9b7a260c763ea5b47c HTTP/1.1" 404 6949
::ffff:127.0.0.1 - - [29/Oct/2020:15:35:21 +0000] "POST http://update.googleapis.com/service/update2?cup2key=10:280980015&cup2hreq=17ab83dc3f55fb87be0580db973cdbbd7d26d43c2b2a7b9b7a260c763ea5b47c HTTP/1.1" 404 6949
::ffff:127.0.0.1 - - [29/Oct/2020:15:37:08 +0000] "GET http://acroipm.adobe.com/11/rdr/ENU/win/nooem/none/message.zip HTTP/1.1" 404 6949
::1 - - [29/Oct/2020:15:42:33 +0000] "GET /home HTTP/1.1" 200 -
::ffff:127.0.0.1 - - [29/Oct/2020:15:43:25 +0000] "POST http://update.googleapis.com/service/update2?cup2key=10:1560970901&cup2hreq=2ac392401a9aa70aeba694bb7e381a6a6817ad2f9f269846a090980c43fe691d HTTP/1.1" 404 7112
::ffff:127.0.0.1 - - [29/Oct/2020:15:43:47 +0000] "POST http://update.googleapis.com/service/update2?cup2key=10:3772054255&cup2hreq=2ac392401a9aa70aeba694bb7e381a6a6817ad2f9f269846a090980c43fe691d HTTP/1.1" 404 7110
::1 - - [29/Oct/2020:15:44:31 +0000] "GET /home HTTP/1.1" 200 -
::1 - - [29/Oct/2020:15:44:38 +0000] "GET /home HTTP/1.1" 200 -
::ffff:127.0.0.1 - - [29/Oct/2020:15:47:32 +0000] "GET http://acroipm.adobe.com/11/rdr/ENU/win/nooem/none/message.zip HTTP/1.1" 404 7110
::1 - - [29/Oct/2020:15:50:17 +0000] "GET /home HTTP/1.1" 200 -
::1 - - [29/Oct/2020:15:50:49 +0000] "GET /home HTTP/1.1" 200 -
::1 - - [29/Oct/2020:15:51:00 +0000] "GET /home HTTP/1.1" 200 -
::1 - - [29/Oct/2020:15:52:08 +0000] "GET /home HTTP/1.1" 200 -
::1 - - [29/Oct/2020:15:52:11 +0000] "GET /home HTTP/1.1" 200 -
::1 - - [29/Oct/2020:15:52:30 +0000] "GET /home HTTP/1.1" 200 -
::1 - - [29/Oct/2020:15:52:46 +0000] "GET /home HTTP/1.1" 200 -
::1 - - [29/Oct/2020:15:53:04 +0000] "GET /home HTTP/1.1" 200 -
::1 - - [29/Oct/2020:15:53:06 +0000] "GET /home HTTP/1.1" 200 -
::ffff:127.0.0.1 - - [29/Oct/2020:15:53:32 +0000] "GET http://clientservices.googleapis.com/chrome-variations/seed?osname=win&channel=stable&milestone=83 HTTP/1.1" 404 -
::1 - - [29/Oct/2020:15:54:44 +0000] "GET /home HTTP/1.1" 200 -
::1 - - [29/Oct/2020:16:06:44 +0000] "GET /home HTTP/1.1" 200 -
::1 - - [29/Oct/2020:16:08:17 +0000] "GET /home HTTP/1.1" 200 -
::1 - - [29/Oct/2020:16:08:42 +0000] "GET /home HTTP/1.1" 200 -
::1 - - [29/Oct/2020:16:11:49 +0000] "GET /home HTTP/1.1" 200 -
::1 - - [29/Oct/2020:16:11:59 +0000] "GET /home HTTP/1.1" 200 -
::1 - - [29/Oct/2020:16:14:38 +0000] "GET /home HTTP/1.1" 200 -
::1 - - [29/Oct/2020:16:16:00 +0000] "GET /home HTTP/1.1" 200 -
::ffff:127.0.0.1 - - [29/Oct/2020:16:23:32 +0000] "GET http://clientservices.googleapis.com/chrome-variations/seed?osname=win&channel=stable&milestone=83 HTTP/1.1" 404 -
::1 - - [29/Oct/2020:16:25:42 +0000] "GET /home HTTP/1.1" 200 -
::1 - - [29/Oct/2020:16:28:19 +0000] "GET /home HTTP/1.1" 200 -
::1 - - [29/Oct/2020:16:28:34 +0000] "GET /home HTTP/1.1" 200 -
::1 - - [29/Oct/2020:16:30:18 +0000] "GET /home HTTP/1.1" 200 -
::1 - - [29/Oct/2020:16:31:06 +0000] "GET /home HTTP/1.1" 200 -
::1 - - [29/Oct/2020:16:31:40 +0000] "GET /home HTTP/1.1" 200 -
::1 - - [29/Oct/2020:16:32:11 +0000] "GET /home HTTP/1.1" 200 -
::ffff:127.0.0.1 - - [29/Oct/2020:16:34:54 +0000] "POST http://update.googleapis.com/service/update2?cup2key=10:2440769087&cup2hreq=c94778d4d35c43c6ff21bde1d33177798fe790e23834ed720ef3b15f03a492f1 HTTP/1.1" 404 7114
::ffff:127.0.0.1 - - [29/Oct/2020:16:35:16 +0000] "POST http://update.googleapis.com/service/update2?cup2key=10:2565032297&cup2hreq=c94778d4d35c43c6ff21bde1d33177798fe790e23834ed720ef3b15f03a492f1 HTTP/1.1" 404 7114
::1 - - [29/Oct/2020:16:35:19 +0000] "GET /home HTTP/1.1" 200 -
::1 - - [29/Oct/2020:16:38:39 +0000] "GET /home HTTP/1.1" 200 -
::1 - - [29/Oct/2020:16:38:58 +0000] "GET /home HTTP/1.1" 200 -
::1 - - [29/Oct/2020:16:41:37 +0000] "GET /home HTTP/1.1" 200 -
::ffff:127.0.0.1 - - [29/Oct/2020:16:43:19 +0000] "POST http://update.googleapis.com/service/update2?cup2key=10:96780845&cup2hreq=ef36e43ed75fce721b932d43520d19c2d9123e2d2e76f124728c89a9db3dcdb7 HTTP/1.1" 404 7114
::ffff:127.0.0.1 - - [29/Oct/2020:16:43:41 +0000] "POST http://update.googleapis.com/service/update2?cup2key=10:3896398302&cup2hreq=ef36e43ed75fce721b932d43520d19c2d9123e2d2e76f124728c89a9db3dcdb7 HTTP/1.1" 404 7114
::1 - - [29/Oct/2020:16:44:41 +0000] "GET /home HTTP/1.1" 200 -
::1 - - [29/Oct/2020:16:46:43 +0000] "GET /home HTTP/1.1" 200 -
::1 - - [29/Oct/2020:16:47:10 +0000] "GET /home HTTP/1.1" 200 -
::1 - - [29/Oct/2020:16:48:10 +0000] "GET /home HTTP/1.1" 200 -
::1 - - [29/Oct/2020:16:49:53 +0000] "GET /home HTTP/1.1" 200 -
::1 - - [29/Oct/2020:16:50:22 +0000] "GET /home HTTP/1.1" 200 -
::ffff:127.0.0.1 - - [29/Oct/2020:16:53:32 +0000] "GET http://clientservices.googleapis.com/chrome-variations/seed?osname=win&channel=stable&milestone=83 HTTP/1.1" 404 -
::1 - - [29/Oct/2020:16:59:54 +0000] "GET /home HTTP/1.1" 200 -
::1 - - [29/Oct/2020:16:59:58 +0000] "GET /home HTTP/1.1" 200 -
::1 - - [29/Oct/2020:17:01:01 +0000] "GET /home HTTP/1.1" 200 -
::1 - - [29/Oct/2020:17:01:04 +0000] "GET /home HTTP/1.1" 200 -
::1 - - [29/Oct/2020:17:01:07 +0000] "GET /home HTTP/1.1" 200 -
::1 - - [29/Oct/2020:17:01:09 +0000] "GET /home HTTP/1.1" 200 -
::1 - - [29/Oct/2020:17:01:37 +0000] "GET /home HTTP/1.1" 200 -
::1 - - [29/Oct/2020:17:03:25 +0000] "GET /home HTTP/1.1" 200 -
::1 - - [29/Oct/2020:17:03:51 +0000] "GET /home HTTP/1.1" 200 -
::1 - - [29/Oct/2020:17:04:19 +0000] "GET /home HTTP/1.1" 200 -
::1 - - [29/Oct/2020:17:04:40 +0000] "GET /home HTTP/1.1" 200 -
::1 - - [29/Oct/2020:17:05:05 +0000] "GET /home HTTP/1.1" 200 -
::1 - - [29/Oct/2020:17:05:52 +0000] "GET /home HTTP/1.1" 200 -
::1 - - [29/Oct/2020:17:07:00 +0000] "GET /home HTTP/1.1" 200 -
::1 - - [29/Oct/2020:17:07:22 +0000] "GET /home HTTP/1.1" 200 -
::1 - - [29/Oct/2020:17:08:03 +0000] "GET /home HTTP/1.1" 200 -
::1 - - [29/Oct/2020:17:08:09 +0000] "GET /home HTTP/1.1" 200 -
::1 - - [29/Oct/2020:17:08:26 +0000] "GET /home HTTP/1.1" 200 -
::1 - - [29/Oct/2020:17:08:41 +0000] "GET /home HTTP/1.1" 200 -
::1 - - [29/Oct/2020:17:08:52 +0000] "GET /home HTTP/1.1" 200 -
::1 - - [29/Oct/2020:17:09:57 +0000] "GET /home HTTP/1.1" 200 -
::1 - - [29/Oct/2020:17:10:16 +0000] "GET /home HTTP/1.1" 200 -
::1 - - [29/Oct/2020:17:10:53 +0000] "GET /home HTTP/1.1" 200 -
::1 - - [29/Oct/2020:17:11:00 +0000] "GET /home HTTP/1.1" 200 -
::1 - - [29/Oct/2020:17:11:31 +0000] "GET /home HTTP/1.1" 200 -
::1 - - [29/Oct/2020:17:12:33 +0000] "GET /home HTTP/1.1" 200 -
::1 - - [29/Oct/2020:17:14:48 +0000] "GET /home HTTP/1.1" 200 -
::1 - - [29/Oct/2020:17:14:51 +0000] "GET /home HTTP/1.1" 200 -
::1 - - [29/Oct/2020:17:15:21 +0000] "GET /home HTTP/1.1" 200 -
::1 - - [29/Oct/2020:17:15:25 +0000] "GET /home HTTP/1.1" 200 -
::1 - - [29/Oct/2020:17:15:53 +0000] "GET /home HTTP/1.1" 200 -
::1 - - [29/Oct/2020:17:16:13 +0000] "GET /home HTTP/1.1" 200 -
::1 - - [29/Oct/2020:17:17:22 +0000] "GET /home HTTP/1.1" 200 -
::1 - - [29/Oct/2020:17:18:49 +0000] "GET /home HTTP/1.1" 200 -
::1 - - [29/Oct/2020:17:18:57 +0000] "GET /home HTTP/1.1" 200 -
::1 - - [29/Oct/2020:17:19:31 +0000] "GET /home HTTP/1.1" 200 -
::1 - - [29/Oct/2020:17:19:38 +0000] "GET /home HTTP/1.1" 200 -
::1 - - [29/Oct/2020:17:20:16 +0000] "GET /home HTTP/1.1" 200 -
::1 - - [29/Oct/2020:17:20:31 +0000] "GET /home HTTP/1.1" 200 -
::1 - - [29/Oct/2020:17:21:27 +0000] "GET /home HTTP/1.1" 200 -
::1 - - [29/Oct/2020:17:22:06 +0000] "GET /home HTTP/1.1" 200 -
::1 - - [29/Oct/2020:17:22:26 +0000] "GET /home HTTP/1.1" 200 -
::1 - - [29/Oct/2020:17:22:29 +0000] "POST /order HTTP/1.1" 404 -
::ffff:127.0.0.1 - - [29/Oct/2020:17:23:32 +0000] "GET http://clientservices.googleapis.com/chrome-variations/seed?osname=win&channel=stable&milestone=83 HTTP/1.1" 404 -
::1 - - [29/Oct/2020:17:24:27 +0000] "GET /home HTTP/1.1" 200 -
::1 - - [29/Oct/2020:17:25:45 +0000] "GET /home HTTP/1.1" 200 -
::1 - - [29/Oct/2020:17:25:48 +0000] "POST /order HTTP/1.1" 404 -
::1 - - [29/Oct/2020:17:28:08 +0000] "GET /home HTTP/1.1" 200 -
::1 - - [29/Oct/2020:17:28:42 +0000] "POST /order HTTP/1.1" 404 -
::1 - - [29/Oct/2020:17:28:44 +0000] "GET /home HTTP/1.1" 200 -
::1 - - [29/Oct/2020:17:28:47 +0000] "POST /order HTTP/1.1" 404 -
::1 - - [29/Oct/2020:17:28:49 +0000] "POST /order HTTP/1.1" 404 -
::1 - - [29/Oct/2020:17:28:53 +0000] "GET /home HTTP/1.1" 200 -
::1 - - [29/Oct/2020:17:28:55 +0000] "POST /order HTTP/1.1" 404 -
::1 - - [29/Oct/2020:17:28:57 +0000] "GET /home HTTP/1.1" 200 -
::1 - - [29/Oct/2020:17:30:28 +0000] "GET /home HTTP/1.1" 200 -
::1 - - [29/Oct/2020:17:30:48 +0000] "GET /home HTTP/1.1" 200 -
::1 - - [29/Oct/2020:17:32:47 +0000] "GET /home HTTP/1.1" 200 -
::1 - - [29/Oct/2020:17:33:08 +0000] "GET /home HTTP/1.1" 200 -
::1 - - [29/Oct/2020:17:33:37 +0000] "GET /home HTTP/1.1" 200 -
::1 - - [29/Oct/2020:17:34:32 +0000] "GET /home HTTP/1.1" 200 -
::1 - - [29/Oct/2020:17:34:36 +0000] "POST /order HTTP/1.1" 404 -
::1 - - [29/Oct/2020:17:34:38 +0000] "GET /home HTTP/1.1" 200 -
::1 - - [29/Oct/2020:17:35:06 +0000] "POST /order HTTP/1.1" 404 -
::1 - - [29/Oct/2020:17:35:08 +0000] "GET /home HTTP/1.1" 200 -
::1 - - [29/Oct/2020:17:35:10 +0000] "POST /order HTTP/1.1" 404 -
::1 - - [29/Oct/2020:17:35:21 +0000] "POST /order HTTP/1.1" 404 -
::1 - - [29/Oct/2020:17:35:23 +0000] "GET /home HTTP/1.1" 200 -
::1 - - [29/Oct/2020:17:35:25 +0000] "POST /order HTTP/1.1" 404 -
::1 - - [29/Oct/2020:17:35:27 +0000] "GET /home HTTP/1.1" 200 -
::ffff:127.0.0.1 - - [29/Oct/2020:17:35:34 +0000] "POST http://update.googleapis.com/service/update2?cup2key=10:3594723424&cup2hreq=8f68fb5f7e27059f25d45949d24399937b165f437e953a2cfc0a0290ef0688f6 HTTP/1.1" 404 7111
::1 - - [29/Oct/2020:17:35:45 +0000] "GET /home HTTP/1.1" 200 -
::ffff:127.0.0.1 - - [29/Oct/2020:17:35:58 +0000] "POST http://update.googleapis.com/service/update2?cup2key=10:2872056267&cup2hreq=8f68fb5f7e27059f25d45949d24399937b165f437e953a2cfc0a0290ef0688f6 HTTP/1.1" 404 7111
::1 - - [29/Oct/2020:17:37:15 +0000] "GET /home HTTP/1.1" 200 -
::1 - - [29/Oct/2020:17:37:37 +0000] "GET /home HTTP/1.1" 200 -
::1 - - [29/Oct/2020:17:38:42 +0000] "GET /home HTTP/1.1" 200 -
::1 - - [29/Oct/2020:17:39:12 +0000] "GET /home HTTP/1.1" 200 -
::1 - - [29/Oct/2020:17:39:18 +0000] "GET /home HTTP/1.1" 200 -
::1 - - [29/Oct/2020:17:39:47 +0000] "GET /home HTTP/1.1" 200 -
::1 - - [29/Oct/2020:17:40:00 +0000] "GET /home HTTP/1.1" 200 -
::1 - - [29/Oct/2020:17:40:51 +0000] "GET /home HTTP/1.1" 200 -
::1 - - [29/Oct/2020:17:41:05 +0000] "GET /home HTTP/1.1" 200 -
::ffff:127.0.0.1 - - [29/Oct/2020:17:43:03 +0000] "POST http://update.googleapis.com/service/update2?cup2key=10:2186652278&cup2hreq=9597c4692e05eff632750da89ad555c71236e058157e6ccbd993e6b93ea6649f HTTP/1.1" 404 7111
::1 - - [29/Oct/2020:17:43:08 +0000] "GET /home HTTP/1.1" 200 -
::ffff:127.0.0.1 - - [29/Oct/2020:17:43:23 +0000] "POST http://update.googleapis.com/service/update2?cup2key=10:1439862453&cup2hreq=9597c4692e05eff632750da89ad555c71236e058157e6ccbd993e6b93ea6649f HTTP/1.1" 404 7111
::1 - - [29/Oct/2020:17:44:11 +0000] "GET /home HTTP/1.1" 200 -
::1 - - [29/Oct/2020:17:48:06 +0000] "GET /home HTTP/1.1" 200 -
::1 - - [29/Oct/2020:17:48:28 +0000] "GET /home HTTP/1.1" 200 -
::1 - - [29/Oct/2020:17:49:06 +0000] "GET /home HTTP/1.1" 200 -
::1 - - [29/Oct/2020:17:49:24 +0000] "GET /home HTTP/1.1" 200 -
::ffff:127.0.0.1 - - [02/Nov/2020:16:32:58 +0000] "POST http://update.googleapis.com/service/update2?cup2key=10:4248971512&cup2hreq=799d12f490b463a19336333c0a5b4f543e6c59482f675130ecc3d3ce520cf840 HTTP/1.1" 404 7111
::ffff:127.0.0.1 - - [02/Nov/2020:16:33:19 +0000] "POST http://update.googleapis.com/service/update2/json?cup2key=10:176597772&cup2hreq=71d948bf5b1cf443c8ca3b555950d69c68e6f4a2efebb9d622c9fda12a01cff3 HTTP/1.1" 404 -
::ffff:127.0.0.1 - - [02/Nov/2020:16:33:21 +0000] "POST http://update.googleapis.com/service/update2?cup2key=10:1388614178&cup2hreq=799d12f490b463a19336333c0a5b4f543e6c59482f675130ecc3d3ce520cf840 HTTP/1.1" 404 7111
::ffff:127.0.0.1 - - [02/Nov/2020:16:35:28 +0000] "POST http://update.googleapis.com/service/update2?cup2key=10:2464489649&cup2hreq=8680aeaa48548f5b6d4e54b0d5546e1e72bf7ddef9e1167a9a8dc4ec289755bb HTTP/1.1" 404 7111
::ffff:127.0.0.1 - - [02/Nov/2020:16:35:49 +0000] "POST http://update.googleapis.com/service/update2?cup2key=10:4097652506&cup2hreq=8680aeaa48548f5b6d4e54b0d5546e1e72bf7ddef9e1167a9a8dc4ec289755bb HTTP/1.1" 404 7111
::ffff:127.0.0.1 - - [02/Nov/2020:16:37:08 +0000] "GET http://clientservices.googleapis.com/chrome-variations/seed?osname=win&channel=stable&milestone=83 HTTP/1.1" 404 -
::1 - - [02/Nov/2020:16:47:00 +0000] "GET /home HTTP/1.1" 200 -
::1 - - [02/Nov/2020:16:47:00 +0000] "GET /app.webmanifest HTTP/1.1" 404 -
::1 - - [02/Nov/2020:16:50:59 +0000] "GET /home HTTP/1.1" 200 -
::1 - - [02/Nov/2020:16:51:00 +0000] "GET /app.webmanifest HTTP/1.1" 404 -
::1 - - [02/Nov/2020:16:51:01 +0000] "GET /home HTTP/1.1" 200 -
::1 - - [02/Nov/2020:16:51:02 +0000] "GET /app.webmanifest HTTP/1.1" 404 -
::1 - - [02/Nov/2020:16:51:05 +0000] "GET /home HTTP/1.1" 200 -
::1 - - [02/Nov/2020:16:51:06 +0000] "GET /app.webmanifest HTTP/1.1" 404 -
::1 - - [02/Nov/2020:16:51:40 +0000] "GET /home HTTP/1.1" 200 -
::1 - - [02/Nov/2020:16:51:40 +0000] "GET /app.webmanifest HTTP/1.1" 404 -
::1 - - [02/Nov/2020:16:52:09 +0000] "GET /home HTTP/1.1" 200 -
::1 - - [02/Nov/2020:16:52:09 +0000] "GET /app.webmanifest HTTP/1.1" 404 -
::1 - - [02/Nov/2020:16:52:15 +0000] "GET /home HTTP/1.1" 200 -
::1 - - [02/Nov/2020:16:52:16 +0000] "GET /app.webmanifest HTTP/1.1" 404 -
::1 - - [02/Nov/2020:16:52:49 +0000] "GET /home HTTP/1.1" 200 -
::1 - - [02/Nov/2020:16:52:50 +0000] "GET /app.webmanifest HTTP/1.1" 404 -
::1 - - [02/Nov/2020:16:52:58 +0000] "GET /home HTTP/1.1" 200 -
::1 - - [02/Nov/2020:16:52:59 +0000] "GET /app.webmanifest HTTP/1.1" 404 -
::1 - - [02/Nov/2020:16:53:21 +0000] "GET /home HTTP/1.1" 200 -
::1 - - [02/Nov/2020:16:53:21 +0000] "GET /app.webmanifest HTTP/1.1" 404 -
::1 - - [02/Nov/2020:16:53:58 +0000] "GET /home HTTP/1.1" 200 -
::1 - - [02/Nov/2020:16:53:58 +0000] "GET /app.webmanifest HTTP/1.1" 404 -
::1 - - [02/Nov/2020:16:54:02 +0000] "GET /home HTTP/1.1" 200 -
::1 - - [02/Nov/2020:16:54:02 +0000] "GET /app.webmanifest HTTP/1.1" 404 -
::1 - - [02/Nov/2020:16:54:18 +0000] "GET /home HTTP/1.1" 200 -
::1 - - [02/Nov/2020:16:54:18 +0000] "GET /app.webmanifest HTTP/1.1" 404 -
::1 - - [02/Nov/2020:16:54:34 +0000] "GET /home HTTP/1.1" 200 -
::1 - - [02/Nov/2020:16:54:34 +0000] "GET /app.webmanifest HTTP/1.1" 404 -
::1 - - [02/Nov/2020:16:55:34 +0000] "GET /home HTTP/1.1" 200 -
::1 - - [02/Nov/2020:16:55:34 +0000] "GET /app.webmanifest HTTP/1.1" 404 -
::1 - - [02/Nov/2020:16:55:57 +0000] "GET /home HTTP/1.1" 200 -
::1 - - [02/Nov/2020:16:55:58 +0000] "GET /app.webmanifest HTTP/1.1" 404 -
::1 - - [02/Nov/2020:16:57:36 +0000] "GET /home HTTP/1.1" 200 -
::1 - - [02/Nov/2020:16:57:36 +0000] "GET /app.webmanifest HTTP/1.1" 404 -
::1 - - [02/Nov/2020:16:58:26 +0000] "GET /home HTTP/1.1" 200 -
::1 - - [02/Nov/2020:16:58:26 +0000] "GET /app.webmanifest HTTP/1.1" 404 -
::1 - - [02/Nov/2020:16:59:14 +0000] "GET /home HTTP/1.1" 200 -
::1 - - [02/Nov/2020:16:59:15 +0000] "GET /app.webmanifest HTTP/1.1" 404 -
::1 - - [02/Nov/2020:16:59:55 +0000] "GET /home HTTP/1.1" 200 -
::1 - - [02/Nov/2020:16:59:55 +0000] "GET /app.webmanifest HTTP/1.1" 404 -
::1 - - [02/Nov/2020:17:01:15 +0000] "GET /home HTTP/1.1" 200 -
::1 - - [02/Nov/2020:17:01:16 +0000] "GET /app.webmanifest HTTP/1.1" 404 -
::1 - - [02/Nov/2020:17:01:33 +0000] "GET /home HTTP/1.1" 200 -
::1 - - [02/Nov/2020:17:01:34 +0000] "GET /app.webmanifest HTTP/1.1" 404 -
::1 - - [02/Nov/2020:17:01:39 +0000] "GET /home HTTP/1.1" 200 -
::1 - - [02/Nov/2020:17:01:40 +0000] "GET /app.webmanifest HTTP/1.1" 404 -
::1 - - [02/Nov/2020:17:01:55 +0000] "GET /home HTTP/1.1" 200 -
::1 - - [02/Nov/2020:17:01:56 +0000] "GET /app.webmanifest HTTP/1.1" 404 -
::ffff:127.0.0.1 - - [02/Nov/2020:17:02:01 +0000] "GET http://clientservices.googleapis.com/chrome-variations/seed?osname=win&channel=stable&milestone=83 HTTP/1.1" 404 -
::1 - - [02/Nov/2020:17:03:35 +0000] "GET /home HTTP/1.1" 200 -
::1 - - [02/Nov/2020:17:03:40 +0000] "GET /home HTTP/1.1" 200 -
::1 - - [02/Nov/2020:17:03:46 +0000] "GET /home HTTP/1.1" 200 -
::ffff:127.0.0.1 - - [02/Nov/2020:17:04:23 +0000] "GET http://acroipm.adobe.com/11/rdr/ENU/win/nooem/none/message.zip HTTP/1.1" 404 7109
::1 - - [02/Nov/2020:17:04:58 +0000] "GET /home HTTP/1.1" 200 -
::1 - - [02/Nov/2020:17:05:33 +0000] "GET /home HTTP/1.1" 200 -
::ffff:127.0.0.1 - - [02/Nov/2020:17:06:05 +0000] "POST http://update.googleapis.com/service/update2?cup2key=10:1140958648&cup2hreq=fea2dd5a5320c679a22878fe9a7b1eaeb484333a08612b7066eb8644d239a02a HTTP/1.1" 404 7109
::1 - - [02/Nov/2020:17:06:20 +0000] "GET /home HTTP/1.1" 200 -
::ffff:127.0.0.1 - - [02/Nov/2020:17:06:25 +0000] "POST http://update.googleapis.com/service/update2?cup2key=10:3547321126&cup2hreq=fea2dd5a5320c679a22878fe9a7b1eaeb484333a08612b7066eb8644d239a02a HTTP/1.1" 404 7109
::ffff:127.0.0.1 - - [02/Nov/2020:17:07:19 +0000] "GET http://acroipm.adobe.com/11/rdr/ENU/win/nooem/none/message.zip HTTP/1.1" 404 7109
::1 - - [02/Nov/2020:17:08:50 +0000] "GET /home HTTP/1.1" 200 -
::1 - - [02/Nov/2020:17:15:46 +0000] "GET /home HTTP/1.1" 200 -
::1 - - [02/Nov/2020:17:15:58 +0000] "GET /home HTTP/1.1" 200 -
::1 - - [02/Nov/2020:17:16:33 +0000] "GET /home HTTP/1.1" 200 -
::1 - - [02/Nov/2020:17:17:04 +0000] "GET /home HTTP/1.1" 200 -
::1 - - [02/Nov/2020:17:17:45 +0000] "GET /home HTTP/1.1" 200 -
::1 - - [02/Nov/2020:17:18:00 +0000] "GET /home HTTP/1.1" 200 -
::1 - - [02/Nov/2020:17:18:15 +0000] "GET /home HTTP/1.1" 200 -
::1 - - [02/Nov/2020:17:18:30 +0000] "GET /home HTTP/1.1" 200 -
::1 - - [02/Nov/2020:17:18:48 +0000] "GET /home HTTP/1.1" 200 -
::1 - - [02/Nov/2020:17:19:24 +0000] "GET /home HTTP/1.1" 200 -
::1 - - [02/Nov/2020:17:19:45 +0000] "GET /home HTTP/1.1" 200 -
::1 - - [02/Nov/2020:17:20:22 +0000] "GET /home HTTP/1.1" 200 -
::1 - - [02/Nov/2020:17:21:11 +0000] "GET /home HTTP/1.1" 200 -
::1 - - [02/Nov/2020:17:21:29 +0000] "GET /home HTTP/1.1" 200 -
::1 - - [02/Nov/2020:17:21:56 +0000] "GET /home HTTP/1.1" 200 -
::1 - - [02/Nov/2020:17:23:11 +0000] "GET /home HTTP/1.1" 200 -
::1 - - [02/Nov/2020:17:23:17 +0000] "GET /home HTTP/1.1" 200 -
::1 - - [02/Nov/2020:17:23:32 +0000] "GET /home HTTP/1.1" 200 -
::1 - - [02/Nov/2020:17:27:02 +0000] "GET /home HTTP/1.1" 200 -
::1 - - [02/Nov/2020:17:27:38 +0000] "GET /home HTTP/1.1" 200 -
::1 - - [02/Nov/2020:17:27:45 +0000] "GET /home HTTP/1.1" 200 -
::1 - - [02/Nov/2020:17:27:55 +0000] "GET /home HTTP/1.1" 200 -
::1 - - [02/Nov/2020:17:29:49 +0000] "GET /home HTTP/1.1" 200 -
::1 - - [02/Nov/2020:17:30:04 +0000] "GET /home HTTP/1.1" 200 -
::1 - - [02/Nov/2020:17:30:12 +0000] "GET /home HTTP/1.1" 200 -
::1 - - [02/Nov/2020:17:31:22 +0000] "GET /home HTTP/1.1" 200 -
::1 - - [02/Nov/2020:17:31:24 +0000] "GET /home HTTP/1.1" 200 -
::1 - - [02/Nov/2020:17:31:37 +0000] "GET /home HTTP/1.1" 200 -
::ffff:127.0.0.1 - - [02/Nov/2020:17:32:01 +0000] "GET http://clientservices.googleapis.com/chrome-variations/seed?osname=win&channel=stable&milestone=83 HTTP/1.1" 404 -
::1 - - [02/Nov/2020:17:32:07 +0000] "GET /home HTTP/1.1" 200 -
::1 - - [02/Nov/2020:17:32:35 +0000] "GET /home HTTP/1.1" 200 -
::1 - - [02/Nov/2020:17:32:48 +0000] "GET /home HTTP/1.1" 200 -
::1 - - [02/Nov/2020:17:34:35 +0000] "GET /home HTTP/1.1" 200 -
::ffff:127.0.0.1 - - [02/Nov/2020:17:35:02 +0000] "POST http://update.googleapis.com/service/update2?cup2key=10:1384190066&cup2hreq=c1f0c48f981ba314d93ef140571b6cd530bafc1baaadfef4114e655d563a655d HTTP/1.1" 404 7109
::ffff:127.0.0.1 - - [02/Nov/2020:17:35:20 +0000] "POST http://update.googleapis.com/service/update2?cup2key=10:1125190858&cup2hreq=c1f0c48f981ba314d93ef140571b6cd530bafc1baaadfef4114e655d563a655d HTTP/1.1" 404 7109
::1 - - [02/Nov/2020:17:35:32 +0000] "GET /home HTTP/1.1" 200 -
::1 - - [02/Nov/2020:17:35:43 +0000] "GET /home HTTP/1.1" 200 -
::1 - - [02/Nov/2020:17:36:01 +0000] "GET /home HTTP/1.1" 200 -
::1 - - [02/Nov/2020:17:36:09 +0000] "GET /home HTTP/1.1" 200 -
::1 - - [02/Nov/2020:17:36:54 +0000] "GET /home HTTP/1.1" 200 -
::1 - - [02/Nov/2020:17:38:01 +0000] "GET /home HTTP/1.1" 200 -
::1 - - [02/Nov/2020:17:38:12 +0000] "GET /home HTTP/1.1" 200 -
::1 - - [02/Nov/2020:17:38:38 +0000] "GET /home HTTP/1.1" 200 -
